Using pre-set license
Built from '2021.1/staging' branch; Version is '2021.1.7f1 (d91830b65d9b) revision 14227504'; Using compiler version '192528614'; Build Type 'Release'
OS: 'Windows 10 Home; OS build 19042.1288; Version 2009; 64bit' Language: 'en' Physical Memory: 32710 MB
BatchMode: 1, IsHumanControllingUs: 0, StartBugReporterOnCrash: 0, Is64bit: 1, IsPro: 0

 COMMAND LINE ARGUMENTS:
C:\Program Files\Unity\Hub\Editor\2021.1.7f1\Editor\Unity.exe
-adb2
-batchMode
-noUpm
-name
AssetImportWorker1
-projectPath
C:/Users/arthi/Documents/UnityProjects/Marbles
-logFile
Logs/AssetImportWorker1.log
-srvPort
15725
Successfully changed project path to: C:/Users/arthi/Documents/UnityProjects/Marbles
C:/Users/arthi/Documents/UnityProjects/Marbles
Using Asset Import Pipeline V2.
Refreshing native plugins compatible for Editor in 30.70 ms, found 3 plugins.
Preloading 0 native plugins for Editor in 0.00 ms.
Initialize engine version: 2021.1.7f1 (d91830b65d9b)
[Subsystems] Discovering subsystems at path C:/Program Files/Unity/Hub/Editor/2021.1.7f1/Editor/Data/Resources/UnitySubsystems
[Subsystems] Discovering subsystems at path C:/Users/arthi/Documents/UnityProjects/Marbles/Assets
GfxDevice: creating device client; threaded=0; jobified=0
Direct3D:
    Version:  Direct3D 11.0 [level 11.1]
    Renderer: NVIDIA GeForce GTX 1660 SUPER (ID=0x21c4)
    Vendor:   NVIDIA
    VRAM:     5991 MB
    Driver:   30.0.14.9649
Initialize mono
Mono path[0] = 'C:/Program Files/Unity/Hub/Editor/2021.1.7f1/Editor/Data/Managed'
Mono path[1] = 'C:/Program Files/Unity/Hub/Editor/2021.1.7f1/Editor/Data/MonoBleedingEdge/lib/mono/unityjit'
Mono config path = 'C:/Program Files/Unity/Hub/Editor/2021.1.7f1/Editor/Data/MonoBleedingEdge/etc'
Using monoOptions --debugger-agent=transport=dt_socket,embedding=1,server=y,suspend=n,address=127.0.0.1:56716
Begin MonoManager ReloadAssembly
Registering precompiled unity dll's ...
Register platform support module: C:/Program Files/Unity/Hub/Editor/2021.1.7f1/Editor/Data/PlaybackEngines/WebGLSupport/UnityEditor.WebGL.Extensions.dll
Register platform support module: C:/Program Files/Unity/Hub/Editor/2021.1.7f1/Editor/Data/PlaybackEngines/WindowsStandaloneSupport/UnityEditor.WindowsStandalone.Extensions.dll
Registered in 0.002195 seconds.
Native extension for WindowsStandalone target not found
Native extension for WebGL target not found
Refreshing native plugins compatible for Editor in 25.60 ms, found 3 plugins.
Preloading 0 native plugins for Editor in 0.00 ms.
Mono: successfully reloaded assembly
- Completed reload, in  2.515 seconds
Platform modules already initialized, skipping
Registering precompiled user dll's ...
Registered in 0.003230 seconds.
Begin MonoManager ReloadAssembly
Native extension for WindowsStandalone target not found
Native extension for WebGL target not found
Refreshing native plugins compatible for Editor in 0.60 ms, found 3 plugins.
Preloading 0 native plugins for Editor in 0.00 ms.
Mono: successfully reloaded assembly
- Completed reload, in  1.008 seconds
Platform modules already initialized, skipping
========================================================================
Worker process is ready to serve import requests
Launched and connected shader compiler UnityShaderCompiler.exe after 0.06 seconds
Refreshing native plugins compatible for Editor in 0.27 ms, found 3 plugins.
Preloading 0 native plugins for Editor in 0.00 ms.
Unloading 1435 Unused Serialized files (Serialized files now loaded: 0)
System memory in use before: 68.8 MB.
System memory in use after: 68.9 MB.

Unloading 17 unused Assets to reduce memory usage. Loaded Objects now: 1885.
Total: 1.813700 ms (FindLiveObjects: 0.138600 ms CreateObjectMapping: 0.035500 ms MarkObjects: 1.568700 ms  DeleteObjects: 0.070000 ms)

========================================================================
Received Import Request.
  path: Assets/Scripts/PlayerController.cs
  artifactKey: Guid(207caefc79a4bb549a4cfeedc5284c17) Importer(815301076,1909f56bfc062723c751e8b465ee728b)
Start importing Assets/Scripts/PlayerController.cs using Guid(207caefc79a4bb549a4cfeedc5284c17) Importer(815301076,1909f56bfc062723c751e8b465ee728b)  -> (artifact id: '246456f27709726a1645139302bf37e8') in 0.024716 seconds 
========================================================================
Received Import Request.
  Time since last request: 9.092666 seconds.
  path: Assets/Scripts/PlayerController.cs
  artifactKey: Guid(207caefc79a4bb549a4cfeedc5284c17) Importer(815301076,1909f56bfc062723c751e8b465ee728b)
Start importing Assets/Scripts/PlayerController.cs using Guid(207caefc79a4bb549a4cfeedc5284c17) Importer(815301076,1909f56bfc062723c751e8b465ee728b)  -> (artifact id: 'ce9bc33e567d88ad4ac3c53b03673b2e') in 0.003136 seconds 
========================================================================
Received Prepare
Registering precompiled user dll's ...
Registered in 0.002211 seconds.
Begin MonoManager ReloadAssembly
Native extension for WindowsStandalone target not found
Native extension for WebGL target not found
Refreshing native plugins compatible for Editor in 0.28 ms, found 3 plugins.
Preloading 0 native plugins for Editor in 0.00 ms.
Mono: successfully reloaded assembly
- Completed reload, in  0.861 seconds
Platform modules already initialized, skipping
Refreshing native plugins compatible for Editor in 0.31 ms, found 3 plugins.
Preloading 0 native plugins for Editor in 0.00 ms.
Unloading 1416 Unused Serialized files (Serialized files now loaded: 0)
System memory in use before: 67.3 MB.
System memory in use after: 67.4 MB.

Unloading 12 unused Assets to reduce memory usage. Loaded Objects now: 1887.
Total: 1.725900 ms (FindLiveObjects: 0.132100 ms CreateObjectMapping: 0.043100 ms MarkObjects: 1.537000 ms  DeleteObjects: 0.012900 ms)

========================================================================
Received Import Request.
  Time since last request: 22.418876 seconds.
  path: Assets/Scripts/PlayerController.cs
  artifactKey: Guid(207caefc79a4bb549a4cfeedc5284c17) Importer(815301076,1909f56bfc062723c751e8b465ee728b)
Start importing Assets/Scripts/PlayerController.cs using Guid(207caefc79a4bb549a4cfeedc5284c17) Importer(815301076,1909f56bfc062723c751e8b465ee728b)  -> (artifact id: '4cef3f794e5d96c50d4387b867885272') in 0.005569 seconds 
========================================================================
Received Prepare
Registering precompiled user dll's ...
Registered in 0.003913 seconds.
Begin MonoManager ReloadAssembly
Native extension for WindowsStandalone target not found
Native extension for WebGL target not found
Refreshing native plugins compatible for Editor in 0.31 ms, found 3 plugins.
Preloading 0 native plugins for Editor in 0.00 ms.
Mono: successfully reloaded assembly
- Completed reload, in  0.881 seconds
Platform modules already initialized, skipping
Refreshing native plugins compatible for Editor in 0.30 ms, found 3 plugins.
Preloading 0 native plugins for Editor in 0.00 ms.
Unloading 1416 Unused Serialized files (Serialized files now loaded: 0)
System memory in use before: 67.4 MB.
System memory in use after: 67.5 MB.

Unloading 12 unused Assets to reduce memory usage. Loaded Objects now: 1889.
Total: 2.526000 ms (FindLiveObjects: 0.106900 ms CreateObjectMapping: 0.039700 ms MarkObjects: 2.360500 ms  DeleteObjects: 0.017600 ms)

========================================================================
Received Prepare
Registering precompiled user dll's ...
Registered in 0.003632 seconds.
Begin MonoManager ReloadAssembly
Native extension for WindowsStandalone target not found
Native extension for WebGL target not found
Refreshing native plugins compatible for Editor in 0.28 ms, found 3 plugins.
Preloading 0 native plugins for Editor in 0.00 ms.
Mono: successfully reloaded assembly
- Completed reload, in  0.919 seconds
Platform modules already initialized, skipping
Refreshing native plugins compatible for Editor in 0.43 ms, found 3 plugins.
Preloading 0 native plugins for Editor in 0.00 ms.
Unloading 1416 Unused Serialized files (Serialized files now loaded: 0)
System memory in use before: 67.4 MB.
System memory in use after: 67.5 MB.

Unloading 12 unused Assets to reduce memory usage. Loaded Objects now: 1891.
Total: 3.265700 ms (FindLiveObjects: 0.412400 ms CreateObjectMapping: 0.231600 ms MarkObjects: 2.602200 ms  DeleteObjects: 0.017400 ms)

========================================================================
Received Import Request.
  Time since last request: 9.269655 seconds.
  path: Assets/Scripts/PlayerController.cs
  artifactKey: Guid(207caefc79a4bb549a4cfeedc5284c17) Importer(815301076,1909f56bfc062723c751e8b465ee728b)
Start importing Assets/Scripts/PlayerController.cs using Guid(207caefc79a4bb549a4cfeedc5284c17) Importer(815301076,1909f56bfc062723c751e8b465ee728b)  -> (artifact id: '32e40c783c06ccb7b73207ea8364da8d') in 0.008700 seconds 
========================================================================
Received Prepare
Registering precompiled user dll's ...
Registered in 0.005337 seconds.
Begin MonoManager ReloadAssembly
Native extension for WindowsStandalone target not found
Native extension for WebGL target not found
Refreshing native plugins compatible for Editor in 0.35 ms, found 3 plugins.
Preloading 0 native plugins for Editor in 0.00 ms.
Mono: successfully reloaded assembly
- Completed reload, in  0.893 seconds
Platform modules already initialized, skipping
Refreshing native plugins compatible for Editor in 0.30 ms, found 3 plugins.
Preloading 0 native plugins for Editor in 0.00 ms.
Unloading 1416 Unused Serialized files (Serialized files now loaded: 0)
System memory in use before: 67.4 MB.
System memory in use after: 67.5 MB.

Unloading 12 unused Assets to reduce memory usage. Loaded Objects now: 1893.
Total: 3.267500 ms (FindLiveObjects: 0.203200 ms CreateObjectMapping: 0.066000 ms MarkObjects: 2.981900 ms  DeleteObjects: 0.015200 ms)

========================================================================
Received Prepare
Registering precompiled user dll's ...
Registered in 0.002482 seconds.
Begin MonoManager ReloadAssembly
Native extension for WindowsStandalone target not found
Native extension for WebGL target not found
Refreshing native plugins compatible for Editor in 0.27 ms, found 3 plugins.
Preloading 0 native plugins for Editor in 0.00 ms.
Mono: successfully reloaded assembly
- Completed reload, in  0.823 seconds
Platform modules already initialized, skipping
Refreshing native plugins compatible for Editor in 0.27 ms, found 3 plugins.
Preloading 0 native plugins for Editor in 0.00 ms.
Unloading 1416 Unused Serialized files (Serialized files now loaded: 0)
System memory in use before: 67.4 MB.
System memory in use after: 67.5 MB.

Unloading 12 unused Assets to reduce memory usage. Loaded Objects now: 1895.
Total: 1.974900 ms (FindLiveObjects: 0.118600 ms CreateObjectMapping: 0.041600 ms MarkObjects: 1.802800 ms  DeleteObjects: 0.010900 ms)

========================================================================
Received Prepare
Registering precompiled user dll's ...
Registered in 0.004476 seconds.
Begin MonoManager ReloadAssembly
Native extension for WindowsStandalone target not found
Native extension for WebGL target not found
Refreshing native plugins compatible for Editor in 0.29 ms, found 3 plugins.
Preloading 0 native plugins for Editor in 0.00 ms.
Mono: successfully reloaded assembly
- Completed reload, in  0.877 seconds
Platform modules already initialized, skipping
Refreshing native plugins compatible for Editor in 0.28 ms, found 3 plugins.
Preloading 0 native plugins for Editor in 0.00 ms.
Unloading 1416 Unused Serialized files (Serialized files now loaded: 0)
System memory in use before: 67.4 MB.
System memory in use after: 67.5 MB.

Unloading 12 unused Assets to reduce memory usage. Loaded Objects now: 1897.
Total: 1.737100 ms (FindLiveObjects: 0.102800 ms CreateObjectMapping: 0.055600 ms MarkObjects: 1.565900 ms  DeleteObjects: 0.011900 ms)

========================================================================
Received Prepare
Registering precompiled user dll's ...
Registered in 0.002994 seconds.
Begin MonoManager ReloadAssembly
Native extension for WindowsStandalone target not found
Native extension for WebGL target not found
Refreshing native plugins compatible for Editor in 0.28 ms, found 3 plugins.
Preloading 0 native plugins for Editor in 0.00 ms.
Mono: successfully reloaded assembly
- Completed reload, in  0.847 seconds
Platform modules already initialized, skipping
Refreshing native plugins compatible for Editor in 0.27 ms, found 3 plugins.
Preloading 0 native plugins for Editor in 0.00 ms.
Unloading 1416 Unused Serialized files (Serialized files now loaded: 0)
System memory in use before: 67.4 MB.
System memory in use after: 67.5 MB.

Unloading 12 unused Assets to reduce memory usage. Loaded Objects now: 1899.
Total: 2.640800 ms (FindLiveObjects: 0.144400 ms CreateObjectMapping: 0.034400 ms MarkObjects: 2.413300 ms  DeleteObjects: 0.047800 ms)

========================================================================
Received Prepare
Registering precompiled user dll's ...
Registered in 0.002417 seconds.
Begin MonoManager ReloadAssembly
Native extension for WindowsStandalone target not found
Native extension for WebGL target not found
Refreshing native plugins compatible for Editor in 0.32 ms, found 3 plugins.
Preloading 0 native plugins for Editor in 0.00 ms.
Mono: successfully reloaded assembly
- Completed reload, in  0.843 seconds
Platform modules already initialized, skipping
Refreshing native plugins compatible for Editor in 0.52 ms, found 3 plugins.
Preloading 0 native plugins for Editor in 0.00 ms.
Unloading 1416 Unused Serialized files (Serialized files now loaded: 0)
System memory in use before: 67.4 MB.
System memory in use after: 67.5 MB.

Unloading 12 unused Assets to reduce memory usage. Loaded Objects now: 1901.
Total: 1.766400 ms (FindLiveObjects: 0.102400 ms CreateObjectMapping: 0.033700 ms MarkObjects: 1.618200 ms  DeleteObjects: 0.011000 ms)

========================================================================
Received Prepare
Registering precompiled user dll's ...
Registered in 0.003274 seconds.
Begin MonoManager ReloadAssembly
Native extension for WindowsStandalone target not found
Native extension for WebGL target not found
Refreshing native plugins compatible for Editor in 0.32 ms, found 3 plugins.
Preloading 0 native plugins for Editor in 0.00 ms.
Mono: successfully reloaded assembly
- Completed reload, in  0.878 seconds
Platform modules already initialized, skipping
Refreshing native plugins compatible for Editor in 0.39 ms, found 3 plugins.
Preloading 0 native plugins for Editor in 0.00 ms.
Unloading 1416 Unused Serialized files (Serialized files now loaded: 0)
System memory in use before: 67.4 MB.
System memory in use after: 67.5 MB.

Unloading 12 unused Assets to reduce memory usage. Loaded Objects now: 1903.
Total: 1.736700 ms (FindLiveObjects: 0.102600 ms CreateObjectMapping: 0.033400 ms MarkObjects: 1.589200 ms  DeleteObjects: 0.010500 ms)

========================================================================
Received Prepare
Registering precompiled user dll's ...
Registered in 0.002632 seconds.
Begin MonoManager ReloadAssembly
Native extension for WindowsStandalone target not found
Native extension for WebGL target not found
Refreshing native plugins compatible for Editor in 0.42 ms, found 3 plugins.
Preloading 0 native plugins for Editor in 0.00 ms.
Mono: successfully reloaded assembly
- Completed reload, in  0.873 seconds
Platform modules already initialized, skipping
Refreshing native plugins compatible for Editor in 0.29 ms, found 3 plugins.
Preloading 0 native plugins for Editor in 0.00 ms.
Unloading 1416 Unused Serialized files (Serialized files now loaded: 0)
System memory in use before: 67.4 MB.
System memory in use after: 67.6 MB.

Unloading 12 unused Assets to reduce memory usage. Loaded Objects now: 1905.
Total: 1.645400 ms (FindLiveObjects: 0.117400 ms CreateObjectMapping: 0.042700 ms MarkObjects: 1.472700 ms  DeleteObjects: 0.011800 ms)

========================================================================
Received Prepare
Registering precompiled user dll's ...
Registered in 0.002488 seconds.
Begin MonoManager ReloadAssembly
Native extension for WindowsStandalone target not found
Native extension for WebGL target not found
Refreshing native plugins compatible for Editor in 0.35 ms, found 3 plugins.
Preloading 0 native plugins for Editor in 0.00 ms.
Mono: successfully reloaded assembly
- Completed reload, in  0.826 seconds
Platform modules already initialized, skipping
Refreshing native plugins compatible for Editor in 0.28 ms, found 3 plugins.
Preloading 0 native plugins for Editor in 0.00 ms.
Unloading 1416 Unused Serialized files (Serialized files now loaded: 0)
System memory in use before: 67.5 MB.
System memory in use after: 67.6 MB.

Unloading 12 unused Assets to reduce memory usage. Loaded Objects now: 1907.
Total: 1.712400 ms (FindLiveObjects: 0.122000 ms CreateObjectMapping: 0.043200 ms MarkObjects: 1.534300 ms  DeleteObjects: 0.011900 ms)

========================================================================
Received Prepare
Registering precompiled user dll's ...
Registered in 0.002398 seconds.
Begin MonoManager ReloadAssembly
Native extension for WindowsStandalone target not found
Native extension for WebGL target not found
Refreshing native plugins compatible for Editor in 0.28 ms, found 3 plugins.
Preloading 0 native plugins for Editor in 0.00 ms.
Mono: successfully reloaded assembly
- Completed reload, in  0.881 seconds
Platform modules already initialized, skipping
Refreshing native plugins compatible for Editor in 0.27 ms, found 3 plugins.
Preloading 0 native plugins for Editor in 0.00 ms.
Unloading 1416 Unused Serialized files (Serialized files now loaded: 0)
System memory in use before: 67.5 MB.
System memory in use after: 67.6 MB.

Unloading 12 unused Assets to reduce memory usage. Loaded Objects now: 1909.
Total: 2.364100 ms (FindLiveObjects: 0.099100 ms CreateObjectMapping: 0.032400 ms MarkObjects: 2.190300 ms  DeleteObjects: 0.041300 ms)

========================================================================
Received Import Request.
  Time since last request: 1127.416273 seconds.
  path: Assets/ParticleEffects
  artifactKey: Guid(a205037d39ff369429cd6645e20d8a46) Importer(815301076,1909f56bfc062723c751e8b465ee728b)
Start importing Assets/ParticleEffects using Guid(a205037d39ff369429cd6645e20d8a46) Importer(815301076,1909f56bfc062723c751e8b465ee728b)  -> (artifact id: 'a0884eaa537bbc88dc9f029188ef623c') in 0.012241 seconds 
========================================================================
Received Import Request.
  Time since last request: 79.610388 seconds.
  path: Assets/ParticleEffects/Explosion.prefab
  artifactKey: Guid(82e1bdafc961b414cb341e988d5d2ec1) Importer(815301076,1909f56bfc062723c751e8b465ee728b)
Start importing Assets/ParticleEffects/Explosion.prefab using Guid(82e1bdafc961b414cb341e988d5d2ec1) Importer(815301076,1909f56bfc062723c751e8b465ee728b)  -> (artifact id: 'b016e3223c42b4be5d5d35c323baf877') in 0.067856 seconds 
========================================================================
Received Import Request.
  Time since last request: 204.993374 seconds.
  path: Assets/ParticleEffects/Explosion.prefab
  artifactKey: Guid(82e1bdafc961b414cb341e988d5d2ec1) Importer(815301076,1909f56bfc062723c751e8b465ee728b)
Start importing Assets/ParticleEffects/Explosion.prefab using Guid(82e1bdafc961b414cb341e988d5d2ec1) Importer(815301076,1909f56bfc062723c751e8b465ee728b)  -> (artifact id: '1accd86bd737ad4e224648136a046279') in 0.006099 seconds 
========================================================================
Received Import Request.
  Time since last request: 1.756890 seconds.
  path: Assets/ParticleEffects/Explosion.prefab
  artifactKey: Guid(82e1bdafc961b414cb341e988d5d2ec1) Importer(815301076,1909f56bfc062723c751e8b465ee728b)
Start importing Assets/ParticleEffects/Explosion.prefab using Guid(82e1bdafc961b414cb341e988d5d2ec1) Importer(815301076,1909f56bfc062723c751e8b465ee728b)  -> (artifact id: '56ad1bc94bc86213a545b86c3594a61f') in 0.005096 seconds 
========================================================================
Received Import Request.
  Time since last request: 38.320066 seconds.
  path: Assets/ParticleEffects/Explosion.prefab
  artifactKey: Guid(82e1bdafc961b414cb341e988d5d2ec1) Importer(815301076,1909f56bfc062723c751e8b465ee728b)
Start importing Assets/ParticleEffects/Explosion.prefab using Guid(82e1bdafc961b414cb341e988d5d2ec1) Importer(815301076,1909f56bfc062723c751e8b465ee728b)  -> (artifact id: 'c942161112e6352a8765996946309512') in 0.011293 seconds 
========================================================================
Received Prepare
Registering precompiled user dll's ...
Registered in 0.002710 seconds.
Begin MonoManager ReloadAssembly
Native extension for WindowsStandalone target not found
Native extension for WebGL target not found
Refreshing native plugins compatible for Editor in 0.27 ms, found 3 plugins.
Preloading 0 native plugins for Editor in 0.00 ms.
Mono: successfully reloaded assembly
- Completed reload, in  0.831 seconds
Platform modules already initialized, skipping
Refreshing native plugins compatible for Editor in 0.29 ms, found 3 plugins.
Preloading 0 native plugins for Editor in 0.00 ms.
Unloading 1416 Unused Serialized files (Serialized files now loaded: 0)
System memory in use before: 67.4 MB.
System memory in use after: 67.5 MB.

Unloading 12 unused Assets to reduce memory usage. Loaded Objects now: 1911.
Total: 2.170200 ms (FindLiveObjects: 0.119600 ms CreateObjectMapping: 0.038600 ms MarkObjects: 1.964400 ms  DeleteObjects: 0.046700 ms)

========================================================================
Received Prepare
Registering precompiled user dll's ...
Registered in 0.002500 seconds.
Begin MonoManager ReloadAssembly
Native extension for WindowsStandalone target not found
Native extension for WebGL target not found
Refreshing native plugins compatible for Editor in 0.28 ms, found 3 plugins.
Preloading 0 native plugins for Editor in 0.00 ms.
Mono: successfully reloaded assembly
- Completed reload, in  0.881 seconds
Platform modules already initialized, skipping
Refreshing native plugins compatible for Editor in 0.28 ms, found 3 plugins.
Preloading 0 native plugins for Editor in 0.00 ms.
Unloading 1416 Unused Serialized files (Serialized files now loaded: 0)
System memory in use before: 67.4 MB.
System memory in use after: 67.5 MB.

Unloading 12 unused Assets to reduce memory usage. Loaded Objects now: 1913.
Total: 2.390300 ms (FindLiveObjects: 0.100900 ms CreateObjectMapping: 0.034100 ms MarkObjects: 2.218000 ms  DeleteObjects: 0.035800 ms)

========================================================================
Received Import Request.
  Time since last request: 157.047312 seconds.
  path: Assets/Scripts/ExplosionPSScript.cs
  artifactKey: Guid(aec0a8ec119ecff409eb944e7bd00a9a) Importer(815301076,1909f56bfc062723c751e8b465ee728b)
Start importing Assets/Scripts/ExplosionPSScript.cs using Guid(aec0a8ec119ecff409eb944e7bd00a9a) Importer(815301076,1909f56bfc062723c751e8b465ee728b)  -> (artifact id: '4675cdd48a984e59cb46be61f329d773') in 0.013112 seconds 
========================================================================
Received Prepare
Registering precompiled user dll's ...
Registered in 0.002839 seconds.
Begin MonoManager ReloadAssembly
Native extension for WindowsStandalone target not found
Native extension for WebGL target not found
Refreshing native plugins compatible for Editor in 0.27 ms, found 3 plugins.
Preloading 0 native plugins for Editor in 0.00 ms.
Mono: successfully reloaded assembly
- Completed reload, in  0.986 seconds
Platform modules already initialized, skipping
Refreshing native plugins compatible for Editor in 0.30 ms, found 3 plugins.
Preloading 0 native plugins for Editor in 0.00 ms.
Unloading 1417 Unused Serialized files (Serialized files now loaded: 0)
System memory in use before: 67.5 MB.
System memory in use after: 67.6 MB.

Unloading 12 unused Assets to reduce memory usage. Loaded Objects now: 1916.
Total: 2.396200 ms (FindLiveObjects: 0.283300 ms CreateObjectMapping: 0.101800 ms MarkObjects: 1.994700 ms  DeleteObjects: 0.015500 ms)

========================================================================
Received Import Request.
  Time since last request: 29.648337 seconds.
  path: Assets/Scripts/ExplosionPSScript.cs
  artifactKey: Guid(aec0a8ec119ecff409eb944e7bd00a9a) Importer(815301076,1909f56bfc062723c751e8b465ee728b)
Start importing Assets/Scripts/ExplosionPSScript.cs using Guid(aec0a8ec119ecff409eb944e7bd00a9a) Importer(815301076,1909f56bfc062723c751e8b465ee728b)  -> (artifact id: '4017e7a7387abae2a96e961c2c624756') in 0.007900 seconds 
========================================================================
Received Prepare
Registering precompiled user dll's ...
Registered in 0.002574 seconds.
Begin MonoManager ReloadAssembly
Native extension for WindowsStandalone target not found
Native extension for WebGL target not found
Refreshing native plugins compatible for Editor in 0.27 ms, found 3 plugins.
Preloading 0 native plugins for Editor in 0.00 ms.
Mono: successfully reloaded assembly
- Completed reload, in  0.894 seconds
Platform modules already initialized, skipping
Refreshing native plugins compatible for Editor in 0.32 ms, found 3 plugins.
Preloading 0 native plugins for Editor in 0.00 ms.
Unloading 1417 Unused Serialized files (Serialized files now loaded: 0)
System memory in use before: 67.5 MB.
System memory in use after: 67.6 MB.

Unloading 12 unused Assets to reduce memory usage. Loaded Objects now: 1918.
Total: 2.870000 ms (FindLiveObjects: 0.111400 ms CreateObjectMapping: 0.038300 ms MarkObjects: 2.696100 ms  DeleteObjects: 0.022800 ms)

========================================================================
Received Import Request.
  Time since last request: 15.980023 seconds.
  path: Assets/Prefabs/Bomb.prefab
  artifactKey: Guid(64bea777ce9987a468c31061a7f2c8a4) Importer(815301076,1909f56bfc062723c751e8b465ee728b)
Start importing Assets/Prefabs/Bomb.prefab using Guid(64bea777ce9987a468c31061a7f2c8a4) Importer(815301076,1909f56bfc062723c751e8b465ee728b)  -> (artifact id: '1b6e80e4590156c0adf172a4dce3201a') in 0.083554 seconds 
========================================================================
Received Import Request.
  Time since last request: 4.156991 seconds.
  path: Assets/ParticleEffects/Explosion.prefab
  artifactKey: Guid(82e1bdafc961b414cb341e988d5d2ec1) Importer(815301076,1909f56bfc062723c751e8b465ee728b)
Start importing Assets/ParticleEffects/Explosion.prefab using Guid(82e1bdafc961b414cb341e988d5d2ec1) Importer(815301076,1909f56bfc062723c751e8b465ee728b)  -> (artifact id: 'ea0ce7bcd040165ae17c72fc2d8b70f7') in 0.006358 seconds 
========================================================================
Received Prepare
Registering precompiled user dll's ...
Registered in 0.003560 seconds.
Begin MonoManager ReloadAssembly
Native extension for WindowsStandalone target not found
Native extension for WebGL target not found
Refreshing native plugins compatible for Editor in 0.30 ms, found 3 plugins.
Preloading 0 native plugins for Editor in 0.00 ms.
Mono: successfully reloaded assembly
- Completed reload, in  0.913 seconds
Platform modules already initialized, skipping
Refreshing native plugins compatible for Editor in 0.30 ms, found 3 plugins.
Preloading 0 native plugins for Editor in 0.00 ms.
Unloading 1417 Unused Serialized files (Serialized files now loaded: 0)
System memory in use before: 71.3 MB.
System memory in use after: 71.4 MB.

Unloading 12 unused Assets to reduce memory usage. Loaded Objects now: 1927.
Total: 1.969400 ms (FindLiveObjects: 0.120700 ms CreateObjectMapping: 0.066600 ms MarkObjects: 1.766900 ms  DeleteObjects: 0.014500 ms)

========================================================================
Received Prepare
Registering precompiled user dll's ...
Registered in 0.002482 seconds.
Begin MonoManager ReloadAssembly
Native extension for WindowsStandalone target not found
Native extension for WebGL target not found
Refreshing native plugins compatible for Editor in 0.28 ms, found 3 plugins.
Preloading 0 native plugins for Editor in 0.00 ms.
Mono: successfully reloaded assembly
- Completed reload, in  0.877 seconds
Platform modules already initialized, skipping
Refreshing native plugins compatible for Editor in 0.37 ms, found 3 plugins.
Preloading 0 native plugins for Editor in 0.00 ms.
Unloading 1417 Unused Serialized files (Serialized files now loaded: 0)
System memory in use before: 71.3 MB.
System memory in use after: 71.4 MB.

Unloading 12 unused Assets to reduce memory usage. Loaded Objects now: 1929.
Total: 1.920700 ms (FindLiveObjects: 0.156300 ms CreateObjectMapping: 0.051400 ms MarkObjects: 1.701500 ms  DeleteObjects: 0.010600 ms)

========================================================================
Received Prepare
Registering precompiled user dll's ...
Registered in 0.002969 seconds.
Begin MonoManager ReloadAssembly
Native extension for WindowsStandalone target not found
Native extension for WebGL target not found
Refreshing native plugins compatible for Editor in 0.32 ms, found 3 plugins.
Preloading 0 native plugins for Editor in 0.00 ms.
Mono: successfully reloaded assembly
- Completed reload, in  0.956 seconds
Platform modules already initialized, skipping
Refreshing native plugins compatible for Editor in 0.38 ms, found 3 plugins.
Preloading 0 native plugins for Editor in 0.00 ms.
Unloading 1417 Unused Serialized files (Serialized files now loaded: 0)
System memory in use before: 71.3 MB.
System memory in use after: 71.4 MB.

Unloading 12 unused Assets to reduce memory usage. Loaded Objects now: 1931.
Total: 2.405600 ms (FindLiveObjects: 0.116100 ms CreateObjectMapping: 0.043000 ms MarkObjects: 2.223100 ms  DeleteObjects: 0.022200 ms)

========================================================================
Received Prepare
Registering precompiled user dll's ...
Registered in 0.002573 seconds.
Begin MonoManager ReloadAssembly
Native extension for WindowsStandalone target not found
Native extension for WebGL target not found
Refreshing native plugins compatible for Editor in 0.32 ms, found 3 plugins.
Preloading 0 native plugins for Editor in 0.00 ms.
Mono: successfully reloaded assembly
- Completed reload, in  0.861 seconds
Platform modules already initialized, skipping
Refreshing native plugins compatible for Editor in 0.27 ms, found 3 plugins.
Preloading 0 native plugins for Editor in 0.00 ms.
Unloading 1417 Unused Serialized files (Serialized files now loaded: 0)
System memory in use before: 71.3 MB.
System memory in use after: 71.4 MB.

Unloading 12 unused Assets to reduce memory usage. Loaded Objects now: 1933.
Total: 1.902700 ms (FindLiveObjects: 0.141200 ms CreateObjectMapping: 0.044700 ms MarkObjects: 1.700800 ms  DeleteObjects: 0.015400 ms)

========================================================================
Received Prepare
Registering precompiled user dll's ...
Registered in 0.002656 seconds.
Begin MonoManager ReloadAssembly
Native extension for WindowsStandalone target not found
Native extension for WebGL target not found
Refreshing native plugins compatible for Editor in 0.28 ms, found 3 plugins.
Preloading 0 native plugins for Editor in 0.00 ms.
Mono: successfully reloaded assembly
- Completed reload, in  0.917 seconds
Platform modules already initialized, skipping
Refreshing native plugins compatible for Editor in 0.27 ms, found 3 plugins.
Preloading 0 native plugins for Editor in 0.00 ms.
Unloading 1417 Unused Serialized files (Serialized files now loaded: 0)
System memory in use before: 71.3 MB.
System memory in use after: 71.4 MB.

Unloading 12 unused Assets to reduce memory usage. Loaded Objects now: 1935.
Total: 2.042800 ms (FindLiveObjects: 0.146400 ms CreateObjectMapping: 0.046700 ms MarkObjects: 1.834300 ms  DeleteObjects: 0.014200 ms)

========================================================================
Received Prepare
Registering precompiled user dll's ...
Registered in 0.003323 seconds.
Begin MonoManager ReloadAssembly
Native extension for WindowsStandalone target not found
Native extension for WebGL target not found
Refreshing native plugins compatible for Editor in 0.49 ms, found 3 plugins.
Preloading 0 native plugins for Editor in 0.00 ms.
Mono: successfully reloaded assembly
- Completed reload, in  0.873 seconds
Platform modules already initialized, skipping
Refreshing native plugins compatible for Editor in 0.30 ms, found 3 plugins.
Preloading 0 native plugins for Editor in 0.00 ms.
Unloading 1417 Unused Serialized files (Serialized files now loaded: 0)
System memory in use before: 71.3 MB.
System memory in use after: 71.4 MB.

Unloading 12 unused Assets to reduce memory usage. Loaded Objects now: 1937.
Total: 2.145100 ms (FindLiveObjects: 0.135200 ms CreateObjectMapping: 0.039400 ms MarkObjects: 1.956100 ms  DeleteObjects: 0.013300 ms)

========================================================================
Received Prepare
Registering precompiled user dll's ...
Registered in 0.002281 seconds.
Begin MonoManager ReloadAssembly
Native extension for WindowsStandalone target not found
Native extension for WebGL target not found
Refreshing native plugins compatible for Editor in 0.28 ms, found 3 plugins.
Preloading 0 native plugins for Editor in 0.00 ms.
Mono: successfully reloaded assembly
- Completed reload, in  0.937 seconds
Platform modules already initialized, skipping
Refreshing native plugins compatible for Editor in 0.27 ms, found 3 plugins.
Preloading 0 native plugins for Editor in 0.00 ms.
Unloading 1417 Unused Serialized files (Serialized files now loaded: 0)
System memory in use before: 71.3 MB.
System memory in use after: 71.4 MB.

Unloading 12 unused Assets to reduce memory usage. Loaded Objects now: 1939.
Total: 2.258800 ms (FindLiveObjects: 0.198700 ms CreateObjectMapping: 0.033600 ms MarkObjects: 2.013600 ms  DeleteObjects: 0.012300 ms)

========================================================================
Received Prepare
Registering precompiled user dll's ...
Registered in 0.002334 seconds.
Begin MonoManager ReloadAssembly
Native extension for WindowsStandalone target not found
Native extension for WebGL target not found
Refreshing native plugins compatible for Editor in 0.29 ms, found 3 plugins.
Preloading 0 native plugins for Editor in 0.00 ms.
Mono: successfully reloaded assembly
- Completed reload, in  0.868 seconds
Platform modules already initialized, skipping
Refreshing native plugins compatible for Editor in 0.27 ms, found 3 plugins.
Preloading 0 native plugins for Editor in 0.00 ms.
Unloading 1417 Unused Serialized files (Serialized files now loaded: 0)
System memory in use before: 71.3 MB.
System memory in use after: 71.4 MB.

Unloading 12 unused Assets to reduce memory usage. Loaded Objects now: 1941.
Total: 1.907000 ms (FindLiveObjects: 0.166500 ms CreateObjectMapping: 0.047100 ms MarkObjects: 1.681300 ms  DeleteObjects: 0.011200 ms)

========================================================================
Received Prepare
Registering precompiled user dll's ...
Registered in 0.002604 seconds.
Begin MonoManager ReloadAssembly
Native extension for WindowsStandalone target not found
Native extension for WebGL target not found
Refreshing native plugins compatible for Editor in 0.30 ms, found 3 plugins.
Preloading 0 native plugins for Editor in 0.00 ms.
Mono: successfully reloaded assembly
- Completed reload, in  0.953 seconds
Platform modules already initialized, skipping
Refreshing native plugins compatible for Editor in 0.34 ms, found 3 plugins.
Preloading 0 native plugins for Editor in 0.00 ms.
Unloading 1417 Unused Serialized files (Serialized files now loaded: 0)
System memory in use before: 71.3 MB.
System memory in use after: 71.4 MB.

Unloading 12 unused Assets to reduce memory usage. Loaded Objects now: 1943.
Total: 1.997100 ms (FindLiveObjects: 0.128900 ms CreateObjectMapping: 0.046000 ms MarkObjects: 1.806400 ms  DeleteObjects: 0.014700 ms)

========================================================================
Received Import Request.
  Time since last request: 203.463787 seconds.
  path: Assets/ParticleEffects/Explosion.prefab
  artifactKey: Guid(82e1bdafc961b414cb341e988d5d2ec1) Importer(815301076,1909f56bfc062723c751e8b465ee728b)
Start importing Assets/ParticleEffects/Explosion.prefab using Guid(82e1bdafc961b414cb341e988d5d2ec1) Importer(815301076,1909f56bfc062723c751e8b465ee728b)  -> (artifact id: 'f364055aa046fe093fc93e8209dced46') in 0.041927 seconds 
========================================================================
Received Prepare
Registering precompiled user dll's ...
Registered in 0.002461 seconds.
Begin MonoManager ReloadAssembly
Native extension for WindowsStandalone target not found
Native extension for WebGL target not found
Refreshing native plugins compatible for Editor in 0.27 ms, found 3 plugins.
Preloading 0 native plugins for Editor in 0.00 ms.
Mono: successfully reloaded assembly
- Completed reload, in  0.870 seconds
Platform modules already initialized, skipping
Refreshing native plugins compatible for Editor in 0.30 ms, found 3 plugins.
Preloading 0 native plugins for Editor in 0.00 ms.
Unloading 1417 Unused Serialized files (Serialized files now loaded: 0)
System memory in use before: 71.3 MB.
System memory in use after: 71.4 MB.

Unloading 12 unused Assets to reduce memory usage. Loaded Objects now: 1945.
Total: 1.645500 ms (FindLiveObjects: 0.102500 ms CreateObjectMapping: 0.035200 ms MarkObjects: 1.497200 ms  DeleteObjects: 0.009800 ms)

========================================================================
Received Import Request.
  Time since last request: 22.626869 seconds.
  path: Assets/ParticleEffects/Explosion.prefab
  artifactKey: Guid(82e1bdafc961b414cb341e988d5d2ec1) Importer(815301076,1909f56bfc062723c751e8b465ee728b)
Start importing Assets/ParticleEffects/Explosion.prefab using Guid(82e1bdafc961b414cb341e988d5d2ec1) Importer(815301076,1909f56bfc062723c751e8b465ee728b)  -> (artifact id: '87a85a06a9485923f6446c3c5c8450a3') in 0.028221 seconds 
========================================================================
Received Prepare
Registering precompiled user dll's ...
Registered in 0.003176 seconds.
Begin MonoManager ReloadAssembly
Native extension for WindowsStandalone target not found
Native extension for WebGL target not found
Refreshing native plugins compatible for Editor in 0.30 ms, found 3 plugins.
Preloading 0 native plugins for Editor in 0.00 ms.
Mono: successfully reloaded assembly
- Completed reload, in  0.874 seconds
Platform modules already initialized, skipping
Refreshing native plugins compatible for Editor in 0.27 ms, found 3 plugins.
Preloading 0 native plugins for Editor in 0.00 ms.
Unloading 1417 Unused Serialized files (Serialized files now loaded: 0)
System memory in use before: 71.3 MB.
System memory in use after: 71.4 MB.

Unloading 12 unused Assets to reduce memory usage. Loaded Objects now: 1947.
Total: 2.536400 ms (FindLiveObjects: 0.156700 ms CreateObjectMapping: 0.071000 ms MarkObjects: 2.285200 ms  DeleteObjects: 0.021600 ms)

========================================================================
Received Import Request.
  Time since last request: 22.756318 seconds.
  path: Assets/ParticleEffects/Explosion.prefab
  artifactKey: Guid(82e1bdafc961b414cb341e988d5d2ec1) Importer(815301076,1909f56bfc062723c751e8b465ee728b)
Start importing Assets/ParticleEffects/Explosion.prefab using Guid(82e1bdafc961b414cb341e988d5d2ec1) Importer(815301076,1909f56bfc062723c751e8b465ee728b)  -> (artifact id: '6a9b3019fe86677e64eac43f0e603277') in 0.024301 seconds 
========================================================================
Received Import Request.
  Time since last request: 10.168775 seconds.
  path: Assets/ParticleEffects/Explosion.prefab
  artifactKey: Guid(82e1bdafc961b414cb341e988d5d2ec1) Importer(815301076,1909f56bfc062723c751e8b465ee728b)
Start importing Assets/ParticleEffects/Explosion.prefab using Guid(82e1bdafc961b414cb341e988d5d2ec1) Importer(815301076,1909f56bfc062723c751e8b465ee728b)  -> (artifact id: '2439f3db16d4b2fca8416e07dcfd0c75') in 0.005084 seconds 
========================================================================
Received Prepare
Registering precompiled user dll's ...
Registered in 0.002847 seconds.
Begin MonoManager ReloadAssembly
Native extension for WindowsStandalone target not found
Native extension for WebGL target not found
Refreshing native plugins compatible for Editor in 0.30 ms, found 3 plugins.
Preloading 0 native plugins for Editor in 0.00 ms.
Mono: successfully reloaded assembly
- Completed reload, in  0.878 seconds
Platform modules already initialized, skipping
Refreshing native plugins compatible for Editor in 0.27 ms, found 3 plugins.
Preloading 0 native plugins for Editor in 0.00 ms.
Unloading 1417 Unused Serialized files (Serialized files now loaded: 0)
System memory in use before: 71.3 MB.
System memory in use after: 71.4 MB.

Unloading 12 unused Assets to reduce memory usage. Loaded Objects now: 1949.
Total: 1.836800 ms (FindLiveObjects: 0.139600 ms CreateObjectMapping: 0.035800 ms MarkObjects: 1.649300 ms  DeleteObjects: 0.011400 ms)

========================================================================
Received Import Request.
  Time since last request: 22.200203 seconds.
  path: Assets/ParticleEffects/Explosion.prefab
  artifactKey: Guid(82e1bdafc961b414cb341e988d5d2ec1) Importer(815301076,1909f56bfc062723c751e8b465ee728b)
Start importing Assets/ParticleEffects/Explosion.prefab using Guid(82e1bdafc961b414cb341e988d5d2ec1) Importer(815301076,1909f56bfc062723c751e8b465ee728b)  -> (artifact id: '75047719eca3ae2aa53b00ef14549d5a') in 0.026039 seconds 
========================================================================
Received Import Request.
  Time since last request: 1.255626 seconds.
  path: Assets/ParticleEffects/Explosion.prefab
  artifactKey: Guid(82e1bdafc961b414cb341e988d5d2ec1) Importer(815301076,1909f56bfc062723c751e8b465ee728b)
Start importing Assets/ParticleEffects/Explosion.prefab using Guid(82e1bdafc961b414cb341e988d5d2ec1) Importer(815301076,1909f56bfc062723c751e8b465ee728b)  -> (artifact id: 'e6f97cf470c48e52a2be6a0711714616') in 0.003850 seconds 
========================================================================
Received Import Request.
  Time since last request: 1.603900 seconds.
  path: Assets/ParticleEffects/Explosion.prefab
  artifactKey: Guid(82e1bdafc961b414cb341e988d5d2ec1) Importer(815301076,1909f56bfc062723c751e8b465ee728b)
Start importing Assets/ParticleEffects/Explosion.prefab using Guid(82e1bdafc961b414cb341e988d5d2ec1) Importer(815301076,1909f56bfc062723c751e8b465ee728b)  -> (artifact id: '796ab9f0e8269eba40e56726069cd361') in 0.003517 seconds 
========================================================================
Received Prepare
Registering precompiled user dll's ...
Registered in 0.002477 seconds.
Begin MonoManager ReloadAssembly
Native extension for WindowsStandalone target not found
Native extension for WebGL target not found
Refreshing native plugins compatible for Editor in 0.27 ms, found 3 plugins.
Preloading 0 native plugins for Editor in 0.00 ms.
Mono: successfully reloaded assembly
- Completed reload, in  0.831 seconds
Platform modules already initialized, skipping
Refreshing native plugins compatible for Editor in 0.29 ms, found 3 plugins.
Preloading 0 native plugins for Editor in 0.00 ms.
Unloading 1417 Unused Serialized files (Serialized files now loaded: 0)
System memory in use before: 71.3 MB.
System memory in use after: 71.4 MB.

Unloading 12 unused Assets to reduce memory usage. Loaded Objects now: 1951.
Total: 1.621600 ms (FindLiveObjects: 0.101900 ms CreateObjectMapping: 0.034400 ms MarkObjects: 1.474100 ms  DeleteObjects: 0.010300 ms)

========================================================================
Received Prepare
Registering precompiled user dll's ...
Registered in 0.003836 seconds.
Begin MonoManager ReloadAssembly
Native extension for WindowsStandalone target not found
Native extension for WebGL target not found
Refreshing native plugins compatible for Editor in 0.28 ms, found 3 plugins.
Preloading 0 native plugins for Editor in 0.00 ms.
Mono: successfully reloaded assembly
- Completed reload, in  0.848 seconds
Platform modules already initialized, skipping
Refreshing native plugins compatible for Editor in 0.29 ms, found 3 plugins.
Preloading 0 native plugins for Editor in 0.00 ms.
Unloading 1417 Unused Serialized files (Serialized files now loaded: 0)
System memory in use before: 71.3 MB.
System memory in use after: 71.4 MB.

Unloading 12 unused Assets to reduce memory usage. Loaded Objects now: 1953.
Total: 1.757000 ms (FindLiveObjects: 0.103600 ms CreateObjectMapping: 0.072300 ms MarkObjects: 1.569900 ms  DeleteObjects: 0.010500 ms)

========================================================================
Received Import Request.
  Time since last request: 92.191063 seconds.
  path: Assets/ParticleEffects/Explosion.prefab
  artifactKey: Guid(82e1bdafc961b414cb341e988d5d2ec1) Importer(815301076,1909f56bfc062723c751e8b465ee728b)
Start importing Assets/ParticleEffects/Explosion.prefab using Guid(82e1bdafc961b414cb341e988d5d2ec1) Importer(815301076,1909f56bfc062723c751e8b465ee728b)  -> (artifact id: '0800e4e57fcf19b8117a1c8d88846cbc') in 0.025959 seconds 
========================================================================
Received Import Request.
  Time since last request: 0.682621 seconds.
  path: Assets/ParticleEffects/Explosion.prefab
  artifactKey: Guid(82e1bdafc961b414cb341e988d5d2ec1) Importer(815301076,1909f56bfc062723c751e8b465ee728b)
Start importing Assets/ParticleEffects/Explosion.prefab using Guid(82e1bdafc961b414cb341e988d5d2ec1) Importer(815301076,1909f56bfc062723c751e8b465ee728b)  -> (artifact id: '9ae3d496683a5b3f5ac61a9db5e6b35e') in 0.003605 seconds 
========================================================================
Received Prepare
Registering precompiled user dll's ...
Registered in 0.003104 seconds.
Begin MonoManager ReloadAssembly
Native extension for WindowsStandalone target not found
Native extension for WebGL target not found
Refreshing native plugins compatible for Editor in 0.33 ms, found 3 plugins.
Preloading 0 native plugins for Editor in 0.00 ms.
Mono: successfully reloaded assembly
- Completed reload, in  0.967 seconds
Platform modules already initialized, skipping
Refreshing native plugins compatible for Editor in 0.29 ms, found 3 plugins.
Preloading 0 native plugins for Editor in 0.00 ms.
Unloading 1417 Unused Serialized files (Serialized files now loaded: 0)
System memory in use before: 71.3 MB.
System memory in use after: 71.4 MB.

Unloading 12 unused Assets to reduce memory usage. Loaded Objects now: 1955.
Total: 2.563900 ms (FindLiveObjects: 0.108200 ms CreateObjectMapping: 0.037000 ms MarkObjects: 2.398400 ms  DeleteObjects: 0.019400 ms)

========================================================================
Received Prepare
Registering precompiled user dll's ...
Registered in 0.002341 seconds.
Begin MonoManager ReloadAssembly
Native extension for WindowsStandalone target not found
Native extension for WebGL target not found
Refreshing native plugins compatible for Editor in 0.28 ms, found 3 plugins.
Preloading 0 native plugins for Editor in 0.00 ms.
Mono: successfully reloaded assembly
- Completed reload, in  0.853 seconds
Platform modules already initialized, skipping
Refreshing native plugins compatible for Editor in 0.31 ms, found 3 plugins.
Preloading 0 native plugins for Editor in 0.00 ms.
Unloading 1417 Unused Serialized files (Serialized files now loaded: 0)
System memory in use before: 71.3 MB.
System memory in use after: 71.4 MB.

Unloading 12 unused Assets to reduce memory usage. Loaded Objects now: 1957.
Total: 1.934500 ms (FindLiveObjects: 0.119400 ms CreateObjectMapping: 0.040600 ms MarkObjects: 1.760800 ms  DeleteObjects: 0.012700 ms)

