Using pre-set license
Built from '2021.1/staging' branch; Version is '2021.1.7f1 (d91830b65d9b) revision 14227504'; Using compiler version '192528614'; Build Type 'Release'
OS: 'Windows 10 Home; OS build 19044.1645; Version 2009; 64bit' Language: 'en' Physical Memory: 32710 MB
BatchMode: 1, IsHumanControllingUs: 0, StartBugReporterOnCrash: 0, Is64bit: 1, IsPro: 0

 COMMAND LINE ARGUMENTS:
C:\Program Files\Unity\Hub\Editor\2021.1.7f1\Editor\Unity.exe
-adb2
-batchMode
-noUpm
-name
AssetImportWorker0
-projectPath
C:/Users/arthi/Documents/UnityProjects/Marbles
-logFile
Logs/AssetImportWorker0.log
-srvPort
5426
Successfully changed project path to: C:/Users/arthi/Documents/UnityProjects/Marbles
C:/Users/arthi/Documents/UnityProjects/Marbles
Using Asset Import Pipeline V2.
Refreshing native plugins compatible for Editor in 29.80 ms, found 3 plugins.
Preloading 0 native plugins for Editor in 0.00 ms.
Initialize engine version: 2021.1.7f1 (d91830b65d9b)
[Subsystems] Discovering subsystems at path C:/Program Files/Unity/Hub/Editor/2021.1.7f1/Editor/Data/Resources/UnitySubsystems
[Subsystems] Discovering subsystems at path C:/Users/arthi/Documents/UnityProjects/Marbles/Assets
GfxDevice: creating device client; threaded=0; jobified=0
Direct3D:
    Version:  Direct3D 11.0 [level 11.1]
    Renderer: NVIDIA GeForce GTX 1660 SUPER (ID=0x21c4)
    Vendor:   NVIDIA
    VRAM:     5991 MB
    Driver:   30.0.15.1215
Initialize mono
Mono path[0] = 'C:/Program Files/Unity/Hub/Editor/2021.1.7f1/Editor/Data/Managed'
Mono path[1] = 'C:/Program Files/Unity/Hub/Editor/2021.1.7f1/Editor/Data/MonoBleedingEdge/lib/mono/unityjit'
Mono config path = 'C:/Program Files/Unity/Hub/Editor/2021.1.7f1/Editor/Data/MonoBleedingEdge/etc'
Using monoOptions --debugger-agent=transport=dt_socket,embedding=1,server=y,suspend=n,address=127.0.0.1:56488
Begin MonoManager ReloadAssembly
Registering precompiled unity dll's ...
Register platform support module: C:/Program Files/Unity/Hub/Editor/2021.1.7f1/Editor/Data/PlaybackEngines/WebGLSupport/UnityEditor.WebGL.Extensions.dll
Register platform support module: C:/Program Files/Unity/Hub/Editor/2021.1.7f1/Editor/Data/PlaybackEngines/WindowsStandaloneSupport/UnityEditor.WindowsStandalone.Extensions.dll
Registered in 0.002473 seconds.
Native extension for WindowsStandalone target not found
Native extension for WebGL target not found
Refreshing native plugins compatible for Editor in 29.14 ms, found 3 plugins.
Preloading 0 native plugins for Editor in 0.00 ms.
Mono: successfully reloaded assembly
- Completed reload, in  1.811 seconds
Platform modules already initialized, skipping
Registering precompiled user dll's ...
Registered in 0.002940 seconds.
Begin MonoManager ReloadAssembly
Native extension for WindowsStandalone target not found
Native extension for WebGL target not found
Refreshing native plugins compatible for Editor in 0.29 ms, found 3 plugins.
Preloading 0 native plugins for Editor in 0.00 ms.
Mono: successfully reloaded assembly
- Completed reload, in  1.309 seconds
Platform modules already initialized, skipping
========================================================================
Worker process is ready to serve import requests
Launched and connected shader compiler UnityShaderCompiler.exe after 0.06 seconds
Refreshing native plugins compatible for Editor in 0.33 ms, found 3 plugins.
Preloading 0 native plugins for Editor in 0.00 ms.
Unloading 1439 Unused Serialized files (Serialized files now loaded: 0)
System memory in use before: 68.6 MB.
System memory in use after: 68.7 MB.

Unloading 17 unused Assets to reduce memory usage. Loaded Objects now: 1888.
Total: 2.686000 ms (FindLiveObjects: 0.202100 ms CreateObjectMapping: 0.096800 ms MarkObjects: 2.304100 ms  DeleteObjects: 0.081000 ms)

========================================================================
Received Import Request.
  path: Assets/Scenes/MenuScene.unity
  artifactKey: Guid(bc94dea1483daa343a115b50be6b3605) Importer(815301076,1909f56bfc062723c751e8b465ee728b)
Start importing Assets/Scenes/MenuScene.unity using Guid(bc94dea1483daa343a115b50be6b3605) Importer(815301076,1909f56bfc062723c751e8b465ee728b)  -> (artifact id: 'cb93a1521f18592bc17bc1f6adfa06a4') in 0.017056 seconds 
========================================================================
Received Prepare
Registering precompiled user dll's ...
Registered in 0.002729 seconds.
Begin MonoManager ReloadAssembly
Native extension for WindowsStandalone target not found
Native extension for WebGL target not found
Refreshing native plugins compatible for Editor in 0.33 ms, found 3 plugins.
Preloading 0 native plugins for Editor in 0.00 ms.
Mono: successfully reloaded assembly
- Completed reload, in  1.083 seconds
Platform modules already initialized, skipping
Refreshing native plugins compatible for Editor in 0.52 ms, found 3 plugins.
Preloading 0 native plugins for Editor in 0.00 ms.
Unloading 1421 Unused Serialized files (Serialized files now loaded: 0)
System memory in use before: 67.2 MB.
System memory in use after: 67.3 MB.

Unloading 12 unused Assets to reduce memory usage. Loaded Objects now: 1891.
Total: 2.227200 ms (FindLiveObjects: 0.135000 ms CreateObjectMapping: 0.047900 ms MarkObjects: 2.024300 ms  DeleteObjects: 0.018500 ms)

========================================================================
Received Import Request.
  Time since last request: 384.345755 seconds.
  path: Assets/Scripts/EntryScript.cs
  artifactKey: Guid(fb7f4a029b2b9bd419f9c470a01e92b0) Importer(815301076,1909f56bfc062723c751e8b465ee728b)
Start importing Assets/Scripts/EntryScript.cs using Guid(fb7f4a029b2b9bd419f9c470a01e92b0) Importer(815301076,1909f56bfc062723c751e8b465ee728b)  -> (artifact id: 'bc52bca45c21857ce6327fcbf71360fd') in 0.026100 seconds 
========================================================================
Received Import Request.
  Time since last request: 240.231735 seconds.
  path: Assets/Scenes/GameScene.unity
  artifactKey: Guid(9fc0d4010bbf28b4594072e72b8655ab) Importer(815301076,1909f56bfc062723c751e8b465ee728b)
Start importing Assets/Scenes/GameScene.unity using Guid(9fc0d4010bbf28b4594072e72b8655ab) Importer(815301076,1909f56bfc062723c751e8b465ee728b)  -> (artifact id: '979d01de7c20d45678496ca63029fb4f') in 0.106355 seconds 
========================================================================
Received Import Request.
  Time since last request: 135.057151 seconds.
  path: Assets/Scenes/GameScene2.unity
  artifactKey: Guid(a3bb0d678802f2c46b061892a09fefab) Importer(815301076,1909f56bfc062723c751e8b465ee728b)
Start importing Assets/Scenes/GameScene2.unity using Guid(a3bb0d678802f2c46b061892a09fefab) Importer(815301076,1909f56bfc062723c751e8b465ee728b)  -> (artifact id: '121d3dc190fe0beea205733cf9a3eaab') in 0.003985 seconds 
========================================================================
Received Prepare
Registering precompiled user dll's ...
Registered in 0.004617 seconds.
Begin MonoManager ReloadAssembly
Native extension for WindowsStandalone target not found
Native extension for WebGL target not found
Refreshing native plugins compatible for Editor in 0.30 ms, found 3 plugins.
Preloading 0 native plugins for Editor in 0.00 ms.
Mono: successfully reloaded assembly
- Completed reload, in  0.952 seconds
Platform modules already initialized, skipping
Refreshing native plugins compatible for Editor in 0.28 ms, found 3 plugins.
Preloading 0 native plugins for Editor in 0.00 ms.
Unloading 1421 Unused Serialized files (Serialized files now loaded: 0)
System memory in use before: 67.2 MB.
System memory in use after: 67.3 MB.

Unloading 12 unused Assets to reduce memory usage. Loaded Objects now: 1893.
Total: 2.123100 ms (FindLiveObjects: 0.108400 ms CreateObjectMapping: 0.034700 ms MarkObjects: 1.962400 ms  DeleteObjects: 0.016400 ms)

========================================================================
Received Import Request.
  Time since last request: 755.330432 seconds.
  path: Assets/Scripts/MessagesManager.cs
  artifactKey: Guid(f5bcc06b8195b684983bd1f3daad7652) Importer(815301076,1909f56bfc062723c751e8b465ee728b)
Start importing Assets/Scripts/MessagesManager.cs using Guid(f5bcc06b8195b684983bd1f3daad7652) Importer(815301076,1909f56bfc062723c751e8b465ee728b)  -> (artifact id: '53219159dd61bda687301abac1874c47') in 0.011258 seconds 
========================================================================
Received Import Request.
  Time since last request: 12.856895 seconds.
  path: Assets/Scripts/MessagesManager.cs
  artifactKey: Guid(f5bcc06b8195b684983bd1f3daad7652) Importer(815301076,1909f56bfc062723c751e8b465ee728b)
Start importing Assets/Scripts/MessagesManager.cs using Guid(f5bcc06b8195b684983bd1f3daad7652) Importer(815301076,1909f56bfc062723c751e8b465ee728b)  -> (artifact id: '362fb6103319f07043963bb57ed74f3a') in 0.004065 seconds 
========================================================================
Received Import Request.
  Time since last request: 18.146231 seconds.
  path: Assets/Scenes/TutorialScene.unity
  artifactKey: Guid(046a35154f76dee44b6ed333253d60e2) Importer(815301076,1909f56bfc062723c751e8b465ee728b)
Start importing Assets/Scenes/TutorialScene.unity using Guid(046a35154f76dee44b6ed333253d60e2) Importer(815301076,1909f56bfc062723c751e8b465ee728b)  -> (artifact id: '37463c30561228c801802701478616c3') in 0.017131 seconds 
========================================================================
Received Import Request.
  Time since last request: 4.214740 seconds.
  path: Assets/Scenes/LevelEditorScene.unity
  artifactKey: Guid(19caa295df230864a8eae8718f7e5efb) Importer(815301076,1909f56bfc062723c751e8b465ee728b)
Start importing Assets/Scenes/LevelEditorScene.unity using Guid(19caa295df230864a8eae8718f7e5efb) Importer(815301076,1909f56bfc062723c751e8b465ee728b)  -> (artifact id: '983b37b93e2e0c95c50937ed0911306c') in 0.010241 seconds 
========================================================================
Received Import Request.
  Time since last request: 24.605454 seconds.
  path: Assets/Scripts/PlayerController.cs
  artifactKey: Guid(207caefc79a4bb549a4cfeedc5284c17) Importer(815301076,1909f56bfc062723c751e8b465ee728b)
Start importing Assets/Scripts/PlayerController.cs using Guid(207caefc79a4bb549a4cfeedc5284c17) Importer(815301076,1909f56bfc062723c751e8b465ee728b)  -> (artifact id: 'f7075e168164968ecf103b454172724c') in 0.007472 seconds 
========================================================================
Received Import Request.
  Time since last request: 3.091828 seconds.
  path: Assets/Scripts/TutorialBoxManager.cs
  artifactKey: Guid(ea945662aa3cf504ba2db6ede33d4127) Importer(815301076,1909f56bfc062723c751e8b465ee728b)
Start importing Assets/Scripts/TutorialBoxManager.cs using Guid(ea945662aa3cf504ba2db6ede33d4127) Importer(815301076,1909f56bfc062723c751e8b465ee728b)  -> (artifact id: '52ca2ce72cd361eeece7a9df3cfb9c43') in 0.006116 seconds 
========================================================================
Received Import Request.
  Time since last request: 3.077548 seconds.
  path: Assets/Scripts/CameraController.cs
  artifactKey: Guid(abba0c88b9808df4da6bc6aa9cc1eff2) Importer(815301076,1909f56bfc062723c751e8b465ee728b)
Start importing Assets/Scripts/CameraController.cs using Guid(abba0c88b9808df4da6bc6aa9cc1eff2) Importer(815301076,1909f56bfc062723c751e8b465ee728b)  -> (artifact id: 'd5ab28a35339d0d49cdb1f6847e39e29') in 0.018859 seconds 
========================================================================
Received Import Request.
  Time since last request: 4.457785 seconds.
  path: Assets/Scripts/RestartGame.cs
  artifactKey: Guid(0dd04eddb7fb8e34f90dc26ffaee0091) Importer(815301076,1909f56bfc062723c751e8b465ee728b)
Start importing Assets/Scripts/RestartGame.cs using Guid(0dd04eddb7fb8e34f90dc26ffaee0091) Importer(815301076,1909f56bfc062723c751e8b465ee728b)  -> (artifact id: 'b53b300a493f137bad51469d84614a42') in 0.007056 seconds 
========================================================================
Received Import Request.
  Time since last request: 12.268817 seconds.
  path: Assets/Scripts/ObjectPooling
  artifactKey: Guid(bf9f396100263de41a233a85f77ba79c) Importer(815301076,1909f56bfc062723c751e8b465ee728b)
Start importing Assets/Scripts/ObjectPooling using Guid(bf9f396100263de41a233a85f77ba79c) Importer(815301076,1909f56bfc062723c751e8b465ee728b)  -> (artifact id: '42f3a276de7165d4256b152144a4a632') in 0.010117 seconds 
========================================================================
Received Import Request.
  Time since last request: 2.963018 seconds.
  path: Assets/Scripts/ObjectPooling/ObjectDeactivateTutorial.cs
  artifactKey: Guid(b9bccf513ded9094a9bed9f1af5ac8cf) Importer(815301076,1909f56bfc062723c751e8b465ee728b)
Start importing Assets/Scripts/ObjectPooling/ObjectDeactivateTutorial.cs using Guid(b9bccf513ded9094a9bed9f1af5ac8cf) Importer(815301076,1909f56bfc062723c751e8b465ee728b)  -> (artifact id: '521a41113ed5bf8a01b5edb35d7c5257') in 0.011653 seconds 
========================================================================
Received Import Request.
  Time since last request: 5.164211 seconds.
  path: Assets/Scripts/ObjectPooling/ObjectDeactivate.cs
  artifactKey: Guid(37b99300e81468446b15bb00d711f963) Importer(815301076,1909f56bfc062723c751e8b465ee728b)
Start importing Assets/Scripts/ObjectPooling/ObjectDeactivate.cs using Guid(37b99300e81468446b15bb00d711f963) Importer(815301076,1909f56bfc062723c751e8b465ee728b)  -> (artifact id: '51a9083f0dd793a0f5d6676c2cd12f65') in 0.006852 seconds 
========================================================================
Received Import Request.
  Time since last request: 0.897435 seconds.
  path: Assets/Scripts/ObjectPooling/BombManagerTutorial.cs
  artifactKey: Guid(8c7bb5efb5f93b74aa0c24923b753faf) Importer(815301076,1909f56bfc062723c751e8b465ee728b)
Start importing Assets/Scripts/ObjectPooling/BombManagerTutorial.cs using Guid(8c7bb5efb5f93b74aa0c24923b753faf) Importer(815301076,1909f56bfc062723c751e8b465ee728b)  -> (artifact id: '4472d0e4d864a33003bc45ca7d9eb9ec') in 0.009967 seconds 
========================================================================
Received Prepare
Registering precompiled user dll's ...
Registered in 0.005721 seconds.
Begin MonoManager ReloadAssembly
Native extension for WindowsStandalone target not found
Native extension for WebGL target not found
Refreshing native plugins compatible for Editor in 0.28 ms, found 3 plugins.
Preloading 0 native plugins for Editor in 0.00 ms.
Mono: successfully reloaded assembly
- Completed reload, in  1.084 seconds
Platform modules already initialized, skipping
Refreshing native plugins compatible for Editor in 0.28 ms, found 3 plugins.
Preloading 0 native plugins for Editor in 0.00 ms.
Unloading 1416 Unused Serialized files (Serialized files now loaded: 0)
System memory in use before: 67.2 MB.
System memory in use after: 67.3 MB.

Unloading 18 unused Assets to reduce memory usage. Loaded Objects now: 1890.
Total: 2.666400 ms (FindLiveObjects: 0.154600 ms CreateObjectMapping: 0.048500 ms MarkObjects: 2.432000 ms  DeleteObjects: 0.029500 ms)

========================================================================
Received Import Request.
  Time since last request: 14.861423 seconds.
  path: Assets/Scripts/Menu
  artifactKey: Guid(18107500f61984c4caa151a6d1e589dc) Importer(815301076,1909f56bfc062723c751e8b465ee728b)
Start importing Assets/Scripts/Menu using Guid(18107500f61984c4caa151a6d1e589dc) Importer(815301076,1909f56bfc062723c751e8b465ee728b)  -> (artifact id: '53c3ee6b5ce616c3b6bd6610f3d6176b') in 0.011374 seconds 
========================================================================
Received Import Request.
  Time since last request: 1.025469 seconds.
  path: Assets/Scripts/Menu/MenuController.cs
  artifactKey: Guid(277f5646dd3384247ac0595601143890) Importer(815301076,1909f56bfc062723c751e8b465ee728b)
Start importing Assets/Scripts/Menu/MenuController.cs using Guid(277f5646dd3384247ac0595601143890) Importer(815301076,1909f56bfc062723c751e8b465ee728b)  -> (artifact id: '60ef6a7603984b78a761baf60f10506f') in 0.005801 seconds 
========================================================================
Received Import Request.
  Time since last request: 4.855638 seconds.
  path: Assets/Scripts/LevelEditing
  artifactKey: Guid(569797d1c5a392347a66750014994293) Importer(815301076,1909f56bfc062723c751e8b465ee728b)
Start importing Assets/Scripts/LevelEditing using Guid(569797d1c5a392347a66750014994293) Importer(815301076,1909f56bfc062723c751e8b465ee728b)  -> (artifact id: '60d5d71972e73ad068cbcc152711f727') in 0.007329 seconds 
========================================================================
Received Import Request.
  Time since last request: 1.278148 seconds.
  path: Assets/Scripts/LevelEditing/CommandPattern
  artifactKey: Guid(dcff253c6ddb9b146b23d4b9b6c0d531) Importer(815301076,1909f56bfc062723c751e8b465ee728b)
Start importing Assets/Scripts/LevelEditing/CommandPattern using Guid(dcff253c6ddb9b146b23d4b9b6c0d531) Importer(815301076,1909f56bfc062723c751e8b465ee728b)  -> (artifact id: '18fa75a2122ac786aa5f93bff5f34f44') in 0.007780 seconds 
========================================================================
Received Prepare
Registering precompiled user dll's ...
Registered in 0.004152 seconds.
Begin MonoManager ReloadAssembly
Native extension for WindowsStandalone target not found
Native extension for WebGL target not found
Refreshing native plugins compatible for Editor in 0.38 ms, found 3 plugins.
Preloading 0 native plugins for Editor in 0.00 ms.
Mono: successfully reloaded assembly
- Completed reload, in  1.165 seconds
Platform modules already initialized, skipping
Refreshing native plugins compatible for Editor in 0.30 ms, found 3 plugins.
Preloading 0 native plugins for Editor in 0.00 ms.
Unloading 1409 Unused Serialized files (Serialized files now loaded: 0)
System memory in use before: 67.0 MB.
System memory in use after: 67.1 MB.

Unloading 19 unused Assets to reduce memory usage. Loaded Objects now: 1885.
Total: 2.043000 ms (FindLiveObjects: 0.155100 ms CreateObjectMapping: 0.041600 ms MarkObjects: 1.828800 ms  DeleteObjects: 0.016500 ms)

========================================================================
Received Import Request.
  Time since last request: 67.219914 seconds.
  path: Assets/Prefabs/Bomb.prefab
  artifactKey: Guid(64bea777ce9987a468c31061a7f2c8a4) Importer(815301076,1909f56bfc062723c751e8b465ee728b)
Start importing Assets/Prefabs/Bomb.prefab using Guid(64bea777ce9987a468c31061a7f2c8a4) Importer(815301076,1909f56bfc062723c751e8b465ee728b)  -> (artifact id: 'abb08fc5d5ff74e3b994cafc4313a63b') in 0.165571 seconds 
========================================================================
Received Import Request.
  Time since last request: 0.000240 seconds.
  path: Assets/Prefabs/Track4.prefab
  artifactKey: Guid(06de1feb46c69ce4c81738d43fa1de61) Importer(815301076,1909f56bfc062723c751e8b465ee728b)
Start importing Assets/Prefabs/Track4.prefab using Guid(06de1feb46c69ce4c81738d43fa1de61) Importer(815301076,1909f56bfc062723c751e8b465ee728b)  -> (artifact id: 'af576b944e4724c5e0d7f8bb16f649b1') in 0.068953 seconds 
========================================================================
Received Import Request.
  Time since last request: 0.000556 seconds.
  path: Assets/Prefabs/Obstacle1.prefab
  artifactKey: Guid(511323cb7e4b0784e9c413d60c023149) Importer(815301076,1909f56bfc062723c751e8b465ee728b)
Start importing Assets/Prefabs/Obstacle1.prefab using Guid(511323cb7e4b0784e9c413d60c023149) Importer(815301076,1909f56bfc062723c751e8b465ee728b)  -> (artifact id: 'a050c3369798241dbe578520c006cfe6') in 0.038729 seconds 
========================================================================
Received Import Request.
  Time since last request: 0.000207 seconds.
  path: Assets/Prefabs/FinishLine.prefab
  artifactKey: Guid(34f2f36c5013d7e459c577c9ae738d3c) Importer(815301076,1909f56bfc062723c751e8b465ee728b)
Start importing Assets/Prefabs/FinishLine.prefab using Guid(34f2f36c5013d7e459c577c9ae738d3c) Importer(815301076,1909f56bfc062723c751e8b465ee728b)  -> (artifact id: '8bed50a5e9483de5724f4400c4f6e449') in 0.040378 seconds 
========================================================================
Received Import Request.
  Time since last request: 0.000456 seconds.
  path: Assets/Prefabs/Track2.prefab
  artifactKey: Guid(505b6ba829e04854ba60e5be12af1eda) Importer(815301076,1909f56bfc062723c751e8b465ee728b)
Start importing Assets/Prefabs/Track2.prefab using Guid(505b6ba829e04854ba60e5be12af1eda) Importer(815301076,1909f56bfc062723c751e8b465ee728b)  -> (artifact id: 'f3e56145b97908a25aef11eb2e328cba') in 0.032932 seconds 
========================================================================
Received Import Request.
  Time since last request: 0.000201 seconds.
  path: Assets/Prefabs/Track1.prefab
  artifactKey: Guid(2c42b6aca48f29845bafa0861c461d43) Importer(815301076,1909f56bfc062723c751e8b465ee728b)
Start importing Assets/Prefabs/Track1.prefab using Guid(2c42b6aca48f29845bafa0861c461d43) Importer(815301076,1909f56bfc062723c751e8b465ee728b)  -> (artifact id: '44b26c83c17cc291e1694d22f3cd8ca9') in 0.033592 seconds 
========================================================================
Received Import Request.
  Time since last request: 0.000289 seconds.
  path: Assets/Prefabs/BombTutorial.prefab
  artifactKey: Guid(6ffa16840d265b0448cb55f95336f98a) Importer(815301076,1909f56bfc062723c751e8b465ee728b)
Start importing Assets/Prefabs/BombTutorial.prefab using Guid(6ffa16840d265b0448cb55f95336f98a) Importer(815301076,1909f56bfc062723c751e8b465ee728b)  -> (artifact id: '00fabb7304deefc6c8342860a1d6cf10') in 0.024908 seconds 
========================================================================
Received Import Request.
  Time since last request: 0.000208 seconds.
  path: Assets/Prefabs/Obstacle2.prefab
  artifactKey: Guid(230f1abc56edd6342ba73c747402a1f9) Importer(815301076,1909f56bfc062723c751e8b465ee728b)
Start importing Assets/Prefabs/Obstacle2.prefab using Guid(230f1abc56edd6342ba73c747402a1f9) Importer(815301076,1909f56bfc062723c751e8b465ee728b)  -> (artifact id: '596607e439fe2df6ff0d732257bc0284') in 0.049079 seconds 
========================================================================
Received Import Request.
  Time since last request: 0.000300 seconds.
  path: Assets/Prefabs/Track3.prefab
  artifactKey: Guid(895d93b690a0be94e8fd207c539c57cf) Importer(815301076,1909f56bfc062723c751e8b465ee728b)
Start importing Assets/Prefabs/Track3.prefab using Guid(895d93b690a0be94e8fd207c539c57cf) Importer(815301076,1909f56bfc062723c751e8b465ee728b)  -> (artifact id: '5d05c9a9a3cacf8b6a1acac2ac554ee1') in 0.044525 seconds 
========================================================================
Received Import Request.
  Time since last request: 0.999764 seconds.
  path: Assets/Prefabs
  artifactKey: Guid(2280bbabbf19c364f9f00ec1e993db6a) Importer(815301076,1909f56bfc062723c751e8b465ee728b)
Start importing Assets/Prefabs using Guid(2280bbabbf19c364f9f00ec1e993db6a) Importer(815301076,1909f56bfc062723c751e8b465ee728b)  -> (artifact id: 'ac9059e13402aa7f25e75db5a8381523') in 0.007290 seconds 
========================================================================
Received Import Request.
  Time since last request: 6.550204 seconds.
  path: Assets/Prefabs/MessagePH.prefab
  artifactKey: Guid(548c40b941ee50743bda848984833ad6) Importer(815301076,1909f56bfc062723c751e8b465ee728b)
Start importing Assets/Prefabs/MessagePH.prefab using Guid(548c40b941ee50743bda848984833ad6) Importer(815301076,1909f56bfc062723c751e8b465ee728b)  -> (artifact id: '62124cef7d18223a4c60403dc931eb89') in 0.017274 seconds 
========================================================================
Received Prepare
Registering precompiled user dll's ...
Registered in 0.002819 seconds.
Begin MonoManager ReloadAssembly
Native extension for WindowsStandalone target not found
Native extension for WebGL target not found
Refreshing native plugins compatible for Editor in 0.39 ms, found 3 plugins.
Preloading 0 native plugins for Editor in 0.00 ms.
Mono: successfully reloaded assembly
- Completed reload, in  1.054 seconds
Platform modules already initialized, skipping
Refreshing native plugins compatible for Editor in 0.35 ms, found 3 plugins.
Preloading 0 native plugins for Editor in 0.00 ms.
Unloading 1410 Unused Serialized files (Serialized files now loaded: 0)
System memory in use before: 71.0 MB.
System memory in use after: 71.1 MB.

Unloading 12 unused Assets to reduce memory usage. Loaded Objects now: 1899.
Total: 2.183500 ms (FindLiveObjects: 0.133300 ms CreateObjectMapping: 0.120200 ms MarkObjects: 1.910600 ms  DeleteObjects: 0.018300 ms)

========================================================================
Received Import Request.
  Time since last request: 234.176140 seconds.
  path: Assets/Scripts/Client.cs
  artifactKey: Guid(e77fd0db9963a1e4b9f3c1576c6b44ff) Importer(815301076,1909f56bfc062723c751e8b465ee728b)
Start importing Assets/Scripts/Client.cs using Guid(e77fd0db9963a1e4b9f3c1576c6b44ff) Importer(815301076,1909f56bfc062723c751e8b465ee728b)  -> (artifact id: '9ac8755f7d13929a0930a2deead5c7fd') in 0.367305 seconds 
========================================================================
Received Prepare
Registering precompiled user dll's ...
Registered in 0.003488 seconds.
Begin MonoManager ReloadAssembly
Native extension for WindowsStandalone target not found
Native extension for WebGL target not found
Refreshing native plugins compatible for Editor in 0.33 ms, found 3 plugins.
Preloading 0 native plugins for Editor in 0.00 ms.
Mono: successfully reloaded assembly
- Completed reload, in  1.037 seconds
Platform modules already initialized, skipping
Refreshing native plugins compatible for Editor in 0.31 ms, found 3 plugins.
Preloading 0 native plugins for Editor in 0.00 ms.
Unloading 1410 Unused Serialized files (Serialized files now loaded: 0)
System memory in use before: 71.0 MB.
System memory in use after: 71.1 MB.

Unloading 12 unused Assets to reduce memory usage. Loaded Objects now: 1901.
Total: 1.908700 ms (FindLiveObjects: 0.117600 ms CreateObjectMapping: 0.042000 ms MarkObjects: 1.731800 ms  DeleteObjects: 0.015700 ms)

========================================================================
Received Import Request.
  Time since last request: 368.758227 seconds.
  path: Assets/Scripts/Client.cs
  artifactKey: Guid(e77fd0db9963a1e4b9f3c1576c6b44ff) Importer(815301076,1909f56bfc062723c751e8b465ee728b)
Start importing Assets/Scripts/Client.cs using Guid(e77fd0db9963a1e4b9f3c1576c6b44ff) Importer(815301076,1909f56bfc062723c751e8b465ee728b)  -> (artifact id: '1b9e9e298d10a88d58993c30f71078d7') in 0.006461 seconds 
========================================================================
Received Prepare
Registering precompiled user dll's ...
Registered in 0.003532 seconds.
Begin MonoManager ReloadAssembly
Native extension for WindowsStandalone target not found
Native extension for WebGL target not found
Refreshing native plugins compatible for Editor in 0.27 ms, found 3 plugins.
Preloading 0 native plugins for Editor in 0.00 ms.
Mono: successfully reloaded assembly
- Completed reload, in  0.883 seconds
Platform modules already initialized, skipping
Refreshing native plugins compatible for Editor in 0.35 ms, found 3 plugins.
Preloading 0 native plugins for Editor in 0.00 ms.
Unloading 1410 Unused Serialized files (Serialized files now loaded: 0)
System memory in use before: 71.0 MB.
System memory in use after: 71.1 MB.

Unloading 12 unused Assets to reduce memory usage. Loaded Objects now: 1903.
Total: 2.105200 ms (FindLiveObjects: 0.120300 ms CreateObjectMapping: 0.040500 ms MarkObjects: 1.929200 ms  DeleteObjects: 0.014100 ms)

========================================================================
Received Import Request.
  Time since last request: 73.210040 seconds.
  path: Assets/Scenes/MenuScene.unity
  artifactKey: Guid(bc94dea1483daa343a115b50be6b3605) Importer(815301076,1909f56bfc062723c751e8b465ee728b)
Start importing Assets/Scenes/MenuScene.unity using Guid(bc94dea1483daa343a115b50be6b3605) Importer(815301076,1909f56bfc062723c751e8b465ee728b)  -> (artifact id: '5584b580dab6f08a5015da9067498c41') in 0.013130 seconds 
========================================================================
Received Prepare
Registering precompiled user dll's ...
Registered in 0.003250 seconds.
Begin MonoManager ReloadAssembly
Native extension for WindowsStandalone target not found
Native extension for WebGL target not found
Refreshing native plugins compatible for Editor in 0.56 ms, found 3 plugins.
Preloading 0 native plugins for Editor in 0.00 ms.
Mono: successfully reloaded assembly
- Completed reload, in  0.938 seconds
Platform modules already initialized, skipping
Refreshing native plugins compatible for Editor in 0.47 ms, found 3 plugins.
Preloading 0 native plugins for Editor in 0.00 ms.
Unloading 1410 Unused Serialized files (Serialized files now loaded: 0)
System memory in use before: 71.0 MB.
System memory in use after: 71.1 MB.

Unloading 12 unused Assets to reduce memory usage. Loaded Objects now: 1905.
Total: 3.386900 ms (FindLiveObjects: 0.152000 ms CreateObjectMapping: 0.051200 ms MarkObjects: 3.159800 ms  DeleteObjects: 0.022300 ms)

========================================================================
Received Prepare
Registering precompiled user dll's ...
Registered in 0.003071 seconds.
Begin MonoManager ReloadAssembly
Native extension for WindowsStandalone target not found
Native extension for WebGL target not found
Refreshing native plugins compatible for Editor in 0.36 ms, found 3 plugins.
Preloading 0 native plugins for Editor in 0.00 ms.
Mono: successfully reloaded assembly
- Completed reload, in  1.024 seconds
Platform modules already initialized, skipping
Refreshing native plugins compatible for Editor in 0.40 ms, found 3 plugins.
Preloading 0 native plugins for Editor in 0.00 ms.
Unloading 1410 Unused Serialized files (Serialized files now loaded: 0)
System memory in use before: 71.0 MB.
System memory in use after: 71.1 MB.

Unloading 12 unused Assets to reduce memory usage. Loaded Objects now: 1907.
Total: 1.905200 ms (FindLiveObjects: 0.104100 ms CreateObjectMapping: 0.034000 ms MarkObjects: 1.749700 ms  DeleteObjects: 0.016500 ms)

========================================================================
Received Import Request.
  Time since last request: 47.942468 seconds.
  path: Assets/Scenes/GameScene.unity
  artifactKey: Guid(9fc0d4010bbf28b4594072e72b8655ab) Importer(815301076,1909f56bfc062723c751e8b465ee728b)
Start importing Assets/Scenes/GameScene.unity using Guid(9fc0d4010bbf28b4594072e72b8655ab) Importer(815301076,1909f56bfc062723c751e8b465ee728b)  -> (artifact id: 'd76944f63ad315fb218bcae88b1222b3') in 0.014563 seconds 
========================================================================
Received Import Request.
  Time since last request: 6.914066 seconds.
  path: Assets/Scenes/MenuScene.unity
  artifactKey: Guid(bc94dea1483daa343a115b50be6b3605) Importer(815301076,1909f56bfc062723c751e8b465ee728b)
Start importing Assets/Scenes/MenuScene.unity using Guid(bc94dea1483daa343a115b50be6b3605) Importer(815301076,1909f56bfc062723c751e8b465ee728b)  -> (artifact id: 'c094ebf6570a49ded74faaaea21657cd') in 0.002779 seconds 
========================================================================
Received Prepare
Registering precompiled user dll's ...
Registered in 0.003125 seconds.
Begin MonoManager ReloadAssembly
Native extension for WindowsStandalone target not found
Native extension for WebGL target not found
Refreshing native plugins compatible for Editor in 0.33 ms, found 3 plugins.
Preloading 0 native plugins for Editor in 0.00 ms.
Mono: successfully reloaded assembly
- Completed reload, in  1.053 seconds
Platform modules already initialized, skipping
Refreshing native plugins compatible for Editor in 0.31 ms, found 3 plugins.
Preloading 0 native plugins for Editor in 0.00 ms.
Unloading 1410 Unused Serialized files (Serialized files now loaded: 0)
System memory in use before: 71.0 MB.
System memory in use after: 71.1 MB.

Unloading 12 unused Assets to reduce memory usage. Loaded Objects now: 1909.
Total: 2.412700 ms (FindLiveObjects: 0.191500 ms CreateObjectMapping: 0.062900 ms MarkObjects: 2.137200 ms  DeleteObjects: 0.019100 ms)

========================================================================
Received Prepare
Registering precompiled user dll's ...
Registered in 0.003169 seconds.
Begin MonoManager ReloadAssembly
Native extension for WindowsStandalone target not found
Native extension for WebGL target not found
Refreshing native plugins compatible for Editor in 0.33 ms, found 3 plugins.
Preloading 0 native plugins for Editor in 0.00 ms.
Mono: successfully reloaded assembly
- Completed reload, in  0.994 seconds
Platform modules already initialized, skipping
Refreshing native plugins compatible for Editor in 0.30 ms, found 3 plugins.
Preloading 0 native plugins for Editor in 0.00 ms.
Unloading 1410 Unused Serialized files (Serialized files now loaded: 0)
System memory in use before: 71.0 MB.
System memory in use after: 71.1 MB.

Unloading 12 unused Assets to reduce memory usage. Loaded Objects now: 1911.
Total: 1.858200 ms (FindLiveObjects: 0.107700 ms CreateObjectMapping: 0.036800 ms MarkObjects: 1.699200 ms  DeleteObjects: 0.013400 ms)

========================================================================
Received Prepare
Refreshing native plugins compatible for Editor in 3.59 ms, found 3 plugins.
Preloading 0 native plugins for Editor in 0.00 ms.
Unloading 10 Unused Serialized files (Serialized files now loaded: 0)
System memory in use before: 43.2 MB.
System memory in use after: 43.3 MB.

Unloading 10 unused Assets to reduce memory usage. Loaded Objects now: 1911.
Total: 4.822000 ms (FindLiveObjects: 0.180700 ms CreateObjectMapping: 0.106000 ms MarkObjects: 4.510800 ms  DeleteObjects: 0.023100 ms)

========================================================================
Received Import Request.
  Time since last request: 906.143524 seconds.
  path: Assets/Scenes/GameScene.unity
  artifactKey: Guid(9fc0d4010bbf28b4594072e72b8655ab) Importer(815301076,1909f56bfc062723c751e8b465ee728b)
Start importing Assets/Scenes/GameScene.unity using Guid(9fc0d4010bbf28b4594072e72b8655ab) Importer(815301076,1909f56bfc062723c751e8b465ee728b)  -> (artifact id: '1428701c110ded9575be6dec5a1edfc1') in 0.013727 seconds 
========================================================================
Received Prepare
Registering precompiled user dll's ...
Registered in 0.002837 seconds.
Begin MonoManager ReloadAssembly
Native extension for WindowsStandalone target not found
Native extension for WebGL target not found
Refreshing native plugins compatible for Editor in 0.36 ms, found 3 plugins.
Preloading 0 native plugins for Editor in 0.00 ms.
Mono: successfully reloaded assembly
- Completed reload, in  0.886 seconds
Platform modules already initialized, skipping
Refreshing native plugins compatible for Editor in 0.34 ms, found 3 plugins.
Preloading 0 native plugins for Editor in 0.00 ms.
Unloading 1410 Unused Serialized files (Serialized files now loaded: 0)
System memory in use before: 71.1 MB.
System memory in use after: 71.2 MB.

Unloading 12 unused Assets to reduce memory usage. Loaded Objects now: 1913.
Total: 2.246500 ms (FindLiveObjects: 0.108500 ms CreateObjectMapping: 0.034400 ms MarkObjects: 2.088200 ms  DeleteObjects: 0.014200 ms)

========================================================================
Received Prepare
Refreshing native plugins compatible for Editor in 2.45 ms, found 3 plugins.
Preloading 0 native plugins for Editor in 0.00 ms.
Unloading 10 Unused Serialized files (Serialized files now loaded: 0)
System memory in use before: 43.3 MB.
System memory in use after: 43.4 MB.

Unloading 10 unused Assets to reduce memory usage. Loaded Objects now: 1913.
Total: 1.904000 ms (FindLiveObjects: 0.141800 ms CreateObjectMapping: 0.051000 ms MarkObjects: 1.701500 ms  DeleteObjects: 0.008900 ms)

========================================================================
Received Prepare
Registering precompiled user dll's ...
Registered in 0.002913 seconds.
Begin MonoManager ReloadAssembly
Native extension for WindowsStandalone target not found
Native extension for WebGL target not found
Refreshing native plugins compatible for Editor in 0.33 ms, found 3 plugins.
Preloading 0 native plugins for Editor in 0.00 ms.
Mono: successfully reloaded assembly
- Completed reload, in  0.880 seconds
Platform modules already initialized, skipping
Refreshing native plugins compatible for Editor in 0.28 ms, found 3 plugins.
Preloading 0 native plugins for Editor in 0.00 ms.
Unloading 1410 Unused Serialized files (Serialized files now loaded: 0)
System memory in use before: 71.1 MB.
System memory in use after: 71.2 MB.

Unloading 12 unused Assets to reduce memory usage. Loaded Objects now: 1915.
Total: 3.063000 ms (FindLiveObjects: 0.101600 ms CreateObjectMapping: 0.032600 ms MarkObjects: 2.905300 ms  DeleteObjects: 0.022000 ms)

========================================================================
Received Prepare
Registering precompiled user dll's ...
Registered in 0.002596 seconds.
Begin MonoManager ReloadAssembly
Native extension for WindowsStandalone target not found
Native extension for WebGL target not found
Refreshing native plugins compatible for Editor in 0.34 ms, found 3 plugins.
Preloading 0 native plugins for Editor in 0.00 ms.
Mono: successfully reloaded assembly
- Completed reload, in  0.919 seconds
Platform modules already initialized, skipping
Refreshing native plugins compatible for Editor in 0.36 ms, found 3 plugins.
Preloading 0 native plugins for Editor in 0.00 ms.
Unloading 1410 Unused Serialized files (Serialized files now loaded: 0)
System memory in use before: 71.1 MB.
System memory in use after: 71.2 MB.

Unloading 12 unused Assets to reduce memory usage. Loaded Objects now: 1917.
Total: 2.039800 ms (FindLiveObjects: 0.118900 ms CreateObjectMapping: 0.034900 ms MarkObjects: 1.871000 ms  DeleteObjects: 0.013800 ms)

========================================================================
Received Prepare
Registering precompiled user dll's ...
Registered in 0.002328 seconds.
Begin MonoManager ReloadAssembly
Native extension for WindowsStandalone target not found
Native extension for WebGL target not found
Refreshing native plugins compatible for Editor in 0.38 ms, found 3 plugins.
Preloading 0 native plugins for Editor in 0.00 ms.
Mono: successfully reloaded assembly
- Completed reload, in  0.930 seconds
Platform modules already initialized, skipping
Refreshing native plugins compatible for Editor in 0.29 ms, found 3 plugins.
Preloading 0 native plugins for Editor in 0.00 ms.
Unloading 1410 Unused Serialized files (Serialized files now loaded: 0)
System memory in use before: 71.1 MB.
System memory in use after: 71.2 MB.

Unloading 12 unused Assets to reduce memory usage. Loaded Objects now: 1919.
Total: 2.249900 ms (FindLiveObjects: 0.149300 ms CreateObjectMapping: 0.051200 ms MarkObjects: 2.033400 ms  DeleteObjects: 0.014700 ms)

========================================================================
Received Prepare
Refreshing native plugins compatible for Editor in 2.91 ms, found 3 plugins.
Preloading 0 native plugins for Editor in 0.00 ms.
Unloading 10 Unused Serialized files (Serialized files now loaded: 0)
System memory in use before: 43.3 MB.
System memory in use after: 43.4 MB.

Unloading 10 unused Assets to reduce memory usage. Loaded Objects now: 1919.
Total: 2.282500 ms (FindLiveObjects: 0.131500 ms CreateObjectMapping: 0.045500 ms MarkObjects: 2.092000 ms  DeleteObjects: 0.012600 ms)

========================================================================
Received Prepare
Registering precompiled user dll's ...
Registered in 0.002896 seconds.
Begin MonoManager ReloadAssembly
Native extension for WindowsStandalone target not found
Native extension for WebGL target not found
Refreshing native plugins compatible for Editor in 0.38 ms, found 3 plugins.
Preloading 0 native plugins for Editor in 0.00 ms.
Mono: successfully reloaded assembly
- Completed reload, in  0.858 seconds
Platform modules already initialized, skipping
Refreshing native plugins compatible for Editor in 0.31 ms, found 3 plugins.
Preloading 0 native plugins for Editor in 0.00 ms.
Unloading 1410 Unused Serialized files (Serialized files now loaded: 0)
System memory in use before: 71.1 MB.
System memory in use after: 71.2 MB.

Unloading 12 unused Assets to reduce memory usage. Loaded Objects now: 1921.
Total: 1.858300 ms (FindLiveObjects: 0.100100 ms CreateObjectMapping: 0.035100 ms MarkObjects: 1.710600 ms  DeleteObjects: 0.011800 ms)

========================================================================
Received Import Request.
  Time since last request: 1885.230228 seconds.
  path: Assets/Scripts/PlayerController2.cs
  artifactKey: Guid(4738c018e33f6a943885b4a2076e55d5) Importer(815301076,1909f56bfc062723c751e8b465ee728b)
Start importing Assets/Scripts/PlayerController2.cs using Guid(4738c018e33f6a943885b4a2076e55d5) Importer(815301076,1909f56bfc062723c751e8b465ee728b)  -> (artifact id: 'de6cb8e6473dc9af87bbb2f2746e0c0e') in 0.008426 seconds 
========================================================================
Received Prepare
Registering precompiled user dll's ...
Registered in 0.004639 seconds.
Begin MonoManager ReloadAssembly
Native extension for WindowsStandalone target not found
Native extension for WebGL target not found
Refreshing native plugins compatible for Editor in 0.28 ms, found 3 plugins.
Preloading 0 native plugins for Editor in 0.00 ms.
Mono: successfully reloaded assembly
- Completed reload, in  0.868 seconds
Platform modules already initialized, skipping
Refreshing native plugins compatible for Editor in 0.27 ms, found 3 plugins.
Preloading 0 native plugins for Editor in 0.00 ms.
Unloading 1411 Unused Serialized files (Serialized files now loaded: 0)
System memory in use before: 71.2 MB.
System memory in use after: 71.3 MB.

Unloading 12 unused Assets to reduce memory usage. Loaded Objects now: 1924.
Total: 2.166300 ms (FindLiveObjects: 0.106800 ms CreateObjectMapping: 0.033900 ms MarkObjects: 2.011200 ms  DeleteObjects: 0.013200 ms)

========================================================================
Received Import Request.
  Time since last request: 40.601949 seconds.
  path: Assets/Scripts/PlayerController2.cs
  artifactKey: Guid(4738c018e33f6a943885b4a2076e55d5) Importer(815301076,1909f56bfc062723c751e8b465ee728b)
Start importing Assets/Scripts/PlayerController2.cs using Guid(4738c018e33f6a943885b4a2076e55d5) Importer(815301076,1909f56bfc062723c751e8b465ee728b)  -> (artifact id: '8c3de758a75435fda2da298457baa4fd') in 0.004186 seconds 
========================================================================
Received Prepare
Refreshing native plugins compatible for Editor in 2.24 ms, found 3 plugins.
Preloading 0 native plugins for Editor in 0.00 ms.
Unloading 10 Unused Serialized files (Serialized files now loaded: 0)
System memory in use before: 43.3 MB.
System memory in use after: 43.5 MB.

Unloading 10 unused Assets to reduce memory usage. Loaded Objects now: 1924.
Total: 2.078800 ms (FindLiveObjects: 0.113700 ms CreateObjectMapping: 0.037900 ms MarkObjects: 1.913800 ms  DeleteObjects: 0.012500 ms)

========================================================================
Received Prepare
Refreshing native plugins compatible for Editor in 3.02 ms, found 3 plugins.
Preloading 0 native plugins for Editor in 0.00 ms.
Unloading 10 Unused Serialized files (Serialized files now loaded: 0)
System memory in use before: 43.3 MB.
System memory in use after: 43.5 MB.

Unloading 10 unused Assets to reduce memory usage. Loaded Objects now: 1924.
Total: 2.845700 ms (FindLiveObjects: 0.206300 ms CreateObjectMapping: 0.061500 ms MarkObjects: 2.560700 ms  DeleteObjects: 0.015800 ms)

========================================================================
Received Prepare
Registering precompiled user dll's ...
Registered in 0.002693 seconds.
Begin MonoManager ReloadAssembly
Native extension for WindowsStandalone target not found
Native extension for WebGL target not found
Refreshing native plugins compatible for Editor in 0.50 ms, found 3 plugins.
Preloading 0 native plugins for Editor in 0.00 ms.
Mono: successfully reloaded assembly
- Completed reload, in  0.889 seconds
Platform modules already initialized, skipping
Refreshing native plugins compatible for Editor in 0.50 ms, found 3 plugins.
Preloading 0 native plugins for Editor in 0.00 ms.
Unloading 1411 Unused Serialized files (Serialized files now loaded: 0)
System memory in use before: 71.2 MB.
System memory in use after: 71.3 MB.

Unloading 12 unused Assets to reduce memory usage. Loaded Objects now: 1926.
Total: 2.008000 ms (FindLiveObjects: 0.109600 ms CreateObjectMapping: 0.036600 ms MarkObjects: 1.847800 ms  DeleteObjects: 0.013000 ms)

========================================================================
Received Prepare
Refreshing native plugins compatible for Editor in 2.38 ms, found 3 plugins.
Preloading 0 native plugins for Editor in 0.00 ms.
Unloading 10 Unused Serialized files (Serialized files now loaded: 0)
System memory in use before: 43.3 MB.
System memory in use after: 43.5 MB.

Unloading 10 unused Assets to reduce memory usage. Loaded Objects now: 1926.
Total: 1.744000 ms (FindLiveObjects: 0.107100 ms CreateObjectMapping: 0.034000 ms MarkObjects: 1.592800 ms  DeleteObjects: 0.009400 ms)

========================================================================
Received Prepare
Registering precompiled user dll's ...
Registered in 0.003234 seconds.
Begin MonoManager ReloadAssembly
Native extension for WindowsStandalone target not found
Native extension for WebGL target not found
Refreshing native plugins compatible for Editor in 0.78 ms, found 3 plugins.
Preloading 0 native plugins for Editor in 0.00 ms.
Mono: successfully reloaded assembly
- Completed reload, in  1.066 seconds
Platform modules already initialized, skipping
Refreshing native plugins compatible for Editor in 0.36 ms, found 3 plugins.
Preloading 0 native plugins for Editor in 0.00 ms.
Unloading 1410 Unused Serialized files (Serialized files now loaded: 0)
System memory in use before: 71.2 MB.
System memory in use after: 71.3 MB.

Unloading 13 unused Assets to reduce memory usage. Loaded Objects now: 1927.
Total: 2.098400 ms (FindLiveObjects: 0.105400 ms CreateObjectMapping: 0.033200 ms MarkObjects: 1.944200 ms  DeleteObjects: 0.014400 ms)

========================================================================
Received Prepare
Refreshing native plugins compatible for Editor in 2.32 ms, found 3 plugins.
Preloading 0 native plugins for Editor in 0.00 ms.
Unloading 10 Unused Serialized files (Serialized files now loaded: 0)
System memory in use before: 43.3 MB.
System memory in use after: 43.5 MB.

Unloading 10 unused Assets to reduce memory usage. Loaded Objects now: 1927.
Total: 2.053800 ms (FindLiveObjects: 0.133400 ms CreateObjectMapping: 0.041300 ms MarkObjects: 1.862000 ms  DeleteObjects: 0.016200 ms)

========================================================================
Received Prepare
Refreshing native plugins compatible for Editor in 3.13 ms, found 3 plugins.
Preloading 0 native plugins for Editor in 0.00 ms.
Unloading 10 Unused Serialized files (Serialized files now loaded: 0)
System memory in use before: 43.3 MB.
System memory in use after: 43.5 MB.

Unloading 10 unused Assets to reduce memory usage. Loaded Objects now: 1927.
Total: 3.232600 ms (FindLiveObjects: 0.191900 ms CreateObjectMapping: 0.090700 ms MarkObjects: 2.931400 ms  DeleteObjects: 0.017000 ms)

========================================================================
Received Prepare
Registering precompiled user dll's ...
Registered in 0.002430 seconds.
Begin MonoManager ReloadAssembly
Native extension for WindowsStandalone target not found
Native extension for WebGL target not found
Refreshing native plugins compatible for Editor in 0.40 ms, found 3 plugins.
Preloading 0 native plugins for Editor in 0.00 ms.
Mono: successfully reloaded assembly
- Completed reload, in  0.977 seconds
Platform modules already initialized, skipping
Refreshing native plugins compatible for Editor in 0.32 ms, found 3 plugins.
Preloading 0 native plugins for Editor in 0.00 ms.
Unloading 1411 Unused Serialized files (Serialized files now loaded: 0)
System memory in use before: 71.2 MB.
System memory in use after: 71.3 MB.

Unloading 12 unused Assets to reduce memory usage. Loaded Objects now: 1930.
Total: 2.610100 ms (FindLiveObjects: 0.153600 ms CreateObjectMapping: 0.058000 ms MarkObjects: 2.374000 ms  DeleteObjects: 0.022900 ms)

========================================================================
Received Import Request.
  Time since last request: 1649.723005 seconds.
  path: Assets/Scripts/PlayerController2.cs
  artifactKey: Guid(4738c018e33f6a943885b4a2076e55d5) Importer(815301076,1909f56bfc062723c751e8b465ee728b)
Start importing Assets/Scripts/PlayerController2.cs using Guid(4738c018e33f6a943885b4a2076e55d5) Importer(815301076,1909f56bfc062723c751e8b465ee728b)  -> (artifact id: 'f868c9cbf66557e011b085fa56ba6e51') in 0.004574 seconds 
========================================================================
Received Prepare
Refreshing native plugins compatible for Editor in 2.81 ms, found 3 plugins.
Preloading 0 native plugins for Editor in 0.00 ms.
Unloading 10 Unused Serialized files (Serialized files now loaded: 0)
System memory in use before: 43.4 MB.
System memory in use after: 43.5 MB.

Unloading 10 unused Assets to reduce memory usage. Loaded Objects now: 1930.
Total: 2.788000 ms (FindLiveObjects: 0.133300 ms CreateObjectMapping: 0.045600 ms MarkObjects: 2.590900 ms  DeleteObjects: 0.016300 ms)

========================================================================
Received Prepare
Registering precompiled user dll's ...
Registered in 0.002626 seconds.
Begin MonoManager ReloadAssembly
Native extension for WindowsStandalone target not found
Native extension for WebGL target not found
Refreshing native plugins compatible for Editor in 0.31 ms, found 3 plugins.
Preloading 0 native plugins for Editor in 0.00 ms.
Mono: successfully reloaded assembly
- Completed reload, in  0.945 seconds
Platform modules already initialized, skipping
Refreshing native plugins compatible for Editor in 0.37 ms, found 3 plugins.
Preloading 0 native plugins for Editor in 0.00 ms.
Unloading 1411 Unused Serialized files (Serialized files now loaded: 0)
System memory in use before: 71.2 MB.
System memory in use after: 71.3 MB.

Unloading 12 unused Assets to reduce memory usage. Loaded Objects now: 1932.
Total: 1.989800 ms (FindLiveObjects: 0.102800 ms CreateObjectMapping: 0.032900 ms MarkObjects: 1.841200 ms  DeleteObjects: 0.012000 ms)

========================================================================
Received Prepare
Refreshing native plugins compatible for Editor in 2.70 ms, found 3 plugins.
Preloading 0 native plugins for Editor in 0.00 ms.
Unloading 10 Unused Serialized files (Serialized files now loaded: 0)
System memory in use before: 43.4 MB.
System memory in use after: 43.5 MB.

Unloading 10 unused Assets to reduce memory usage. Loaded Objects now: 1932.
Total: 3.162500 ms (FindLiveObjects: 0.178300 ms CreateObjectMapping: 0.064700 ms MarkObjects: 2.897500 ms  DeleteObjects: 0.020700 ms)

========================================================================
Received Prepare
Registering precompiled user dll's ...
Registered in 0.004217 seconds.
Begin MonoManager ReloadAssembly
Native extension for WindowsStandalone target not found
Native extension for WebGL target not found
Refreshing native plugins compatible for Editor in 0.31 ms, found 3 plugins.
Preloading 0 native plugins for Editor in 0.00 ms.
Mono: successfully reloaded assembly
- Completed reload, in  1.045 seconds
Platform modules already initialized, skipping
Refreshing native plugins compatible for Editor in 0.30 ms, found 3 plugins.
Preloading 0 native plugins for Editor in 0.00 ms.
Unloading 1411 Unused Serialized files (Serialized files now loaded: 0)
System memory in use before: 71.2 MB.
System memory in use after: 71.3 MB.

Unloading 12 unused Assets to reduce memory usage. Loaded Objects now: 1934.
Total: 1.759900 ms (FindLiveObjects: 0.102300 ms CreateObjectMapping: 0.032300 ms MarkObjects: 1.613000 ms  DeleteObjects: 0.011400 ms)

========================================================================
Received Prepare
Refreshing native plugins compatible for Editor in 2.68 ms, found 3 plugins.
Preloading 0 native plugins for Editor in 0.00 ms.
Unloading 10 Unused Serialized files (Serialized files now loaded: 0)
System memory in use before: 43.4 MB.
System memory in use after: 43.5 MB.

Unloading 10 unused Assets to reduce memory usage. Loaded Objects now: 1934.
Total: 2.568700 ms (FindLiveObjects: 0.156000 ms CreateObjectMapping: 0.057800 ms MarkObjects: 2.333100 ms  DeleteObjects: 0.020100 ms)

========================================================================
Received Prepare
Registering precompiled user dll's ...
Registered in 0.002550 seconds.
Begin MonoManager ReloadAssembly
Native extension for WindowsStandalone target not found
Native extension for WebGL target not found
Refreshing native plugins compatible for Editor in 0.31 ms, found 3 plugins.
Preloading 0 native plugins for Editor in 0.00 ms.
Mono: successfully reloaded assembly
- Completed reload, in  0.903 seconds
Platform modules already initialized, skipping
Refreshing native plugins compatible for Editor in 0.28 ms, found 3 plugins.
Preloading 0 native plugins for Editor in 0.00 ms.
Unloading 1411 Unused Serialized files (Serialized files now loaded: 0)
System memory in use before: 71.2 MB.
System memory in use after: 71.3 MB.

Unloading 12 unused Assets to reduce memory usage. Loaded Objects now: 1936.
Total: 1.704600 ms (FindLiveObjects: 0.102500 ms CreateObjectMapping: 0.034200 ms MarkObjects: 1.554800 ms  DeleteObjects: 0.012200 ms)

========================================================================
Received Prepare
Refreshing native plugins compatible for Editor in 2.24 ms, found 3 plugins.
Preloading 0 native plugins for Editor in 0.00 ms.
Unloading 10 Unused Serialized files (Serialized files now loaded: 0)
System memory in use before: 43.4 MB.
System memory in use after: 43.5 MB.

Unloading 10 unused Assets to reduce memory usage. Loaded Objects now: 1936.
Total: 1.850000 ms (FindLiveObjects: 0.107400 ms CreateObjectMapping: 0.036600 ms MarkObjects: 1.694600 ms  DeleteObjects: 0.010700 ms)

========================================================================
Received Prepare
Refreshing native plugins compatible for Editor in 2.91 ms, found 3 plugins.
Preloading 0 native plugins for Editor in 0.00 ms.
Unloading 10 Unused Serialized files (Serialized files now loaded: 0)
System memory in use before: 43.4 MB.
System memory in use after: 43.5 MB.

Unloading 10 unused Assets to reduce memory usage. Loaded Objects now: 1936.
Total: 3.065600 ms (FindLiveObjects: 0.138600 ms CreateObjectMapping: 0.052800 ms MarkObjects: 2.857100 ms  DeleteObjects: 0.015800 ms)

========================================================================
Received Prepare
Registering precompiled user dll's ...
Registered in 0.002935 seconds.
Begin MonoManager ReloadAssembly
Native extension for WindowsStandalone target not found
Native extension for WebGL target not found
Refreshing native plugins compatible for Editor in 0.33 ms, found 3 plugins.
Preloading 0 native plugins for Editor in 0.00 ms.
Mono: successfully reloaded assembly
- Completed reload, in  0.905 seconds
Platform modules already initialized, skipping
Refreshing native plugins compatible for Editor in 0.27 ms, found 3 plugins.
Preloading 0 native plugins for Editor in 0.00 ms.
Unloading 1411 Unused Serialized files (Serialized files now loaded: 0)
System memory in use before: 71.2 MB.
System memory in use after: 71.3 MB.

Unloading 12 unused Assets to reduce memory usage. Loaded Objects now: 1938.
Total: 2.889300 ms (FindLiveObjects: 0.215100 ms CreateObjectMapping: 0.117300 ms MarkObjects: 2.538500 ms  DeleteObjects: 0.017300 ms)

========================================================================
Received Prepare
Registering precompiled user dll's ...
Registered in 0.002677 seconds.
Begin MonoManager ReloadAssembly
Native extension for WindowsStandalone target not found
Native extension for WebGL target not found
Refreshing native plugins compatible for Editor in 0.33 ms, found 3 plugins.
Preloading 0 native plugins for Editor in 0.00 ms.
Mono: successfully reloaded assembly
- Completed reload, in  0.968 seconds
Platform modules already initialized, skipping
Refreshing native plugins compatible for Editor in 0.28 ms, found 3 plugins.
Preloading 0 native plugins for Editor in 0.00 ms.
Unloading 1411 Unused Serialized files (Serialized files now loaded: 0)
System memory in use before: 71.2 MB.
System memory in use after: 71.3 MB.

Unloading 12 unused Assets to reduce memory usage. Loaded Objects now: 1940.
Total: 2.533800 ms (FindLiveObjects: 0.097100 ms CreateObjectMapping: 0.032800 ms MarkObjects: 2.387400 ms  DeleteObjects: 0.015500 ms)

========================================================================
Received Import Request.
  Time since last request: 1042.760395 seconds.
  path: Assets/Scripts/CameraController.cs
  artifactKey: Guid(abba0c88b9808df4da6bc6aa9cc1eff2) Importer(815301076,1909f56bfc062723c751e8b465ee728b)
Start importing Assets/Scripts/CameraController.cs using Guid(abba0c88b9808df4da6bc6aa9cc1eff2) Importer(815301076,1909f56bfc062723c751e8b465ee728b)  -> (artifact id: '0fc14ed2c5943a5310d5903ef86b9df2') in 0.004137 seconds 
========================================================================
Received Prepare
Refreshing native plugins compatible for Editor in 2.55 ms, found 3 plugins.
Preloading 0 native plugins for Editor in 0.00 ms.
Unloading 10 Unused Serialized files (Serialized files now loaded: 0)
System memory in use before: 43.4 MB.
System memory in use after: 43.5 MB.

Unloading 10 unused Assets to reduce memory usage. Loaded Objects now: 1940.
Total: 1.997100 ms (FindLiveObjects: 0.115400 ms CreateObjectMapping: 0.038400 ms MarkObjects: 1.831900 ms  DeleteObjects: 0.010800 ms)

========================================================================
Received Prepare
Registering precompiled user dll's ...
Registered in 0.004696 seconds.
Begin MonoManager ReloadAssembly
Native extension for WindowsStandalone target not found
Native extension for WebGL target not found
Refreshing native plugins compatible for Editor in 0.28 ms, found 3 plugins.
Preloading 0 native plugins for Editor in 0.00 ms.
Mono: successfully reloaded assembly
- Completed reload, in  0.903 seconds
Platform modules already initialized, skipping
Refreshing native plugins compatible for Editor in 0.36 ms, found 3 plugins.
Preloading 0 native plugins for Editor in 0.00 ms.
Unloading 1411 Unused Serialized files (Serialized files now loaded: 0)
System memory in use before: 71.2 MB.
System memory in use after: 71.3 MB.

Unloading 12 unused Assets to reduce memory usage. Loaded Objects now: 1942.
Total: 1.988600 ms (FindLiveObjects: 0.117900 ms CreateObjectMapping: 0.036600 ms MarkObjects: 1.808600 ms  DeleteObjects: 0.024100 ms)

========================================================================
Received Prepare
Refreshing native plugins compatible for Editor in 2.62 ms, found 3 plugins.
Preloading 0 native plugins for Editor in 0.00 ms.
Unloading 10 Unused Serialized files (Serialized files now loaded: 0)
System memory in use before: 43.4 MB.
System memory in use after: 43.5 MB.

Unloading 10 unused Assets to reduce memory usage. Loaded Objects now: 1942.
Total: 2.197300 ms (FindLiveObjects: 0.124900 ms CreateObjectMapping: 0.042200 ms MarkObjects: 2.018500 ms  DeleteObjects: 0.011100 ms)

========================================================================
Received Prepare
Registering precompiled user dll's ...
Registered in 0.002972 seconds.
Begin MonoManager ReloadAssembly
Native extension for WindowsStandalone target not found
Native extension for WebGL target not found
Refreshing native plugins compatible for Editor in 0.38 ms, found 3 plugins.
Preloading 0 native plugins for Editor in 0.00 ms.
Mono: successfully reloaded assembly
- Completed reload, in  0.876 seconds
Platform modules already initialized, skipping
Refreshing native plugins compatible for Editor in 0.27 ms, found 3 plugins.
Preloading 0 native plugins for Editor in 0.00 ms.
Unloading 1411 Unused Serialized files (Serialized files now loaded: 0)
System memory in use before: 71.3 MB.
System memory in use after: 71.4 MB.

Unloading 12 unused Assets to reduce memory usage. Loaded Objects now: 1944.
Total: 2.435000 ms (FindLiveObjects: 0.121400 ms CreateObjectMapping: 0.038100 ms MarkObjects: 2.261100 ms  DeleteObjects: 0.013300 ms)

========================================================================
Received Prepare
Refreshing native plugins compatible for Editor in 2.31 ms, found 3 plugins.
Preloading 0 native plugins for Editor in 0.00 ms.
Unloading 10 Unused Serialized files (Serialized files now loaded: 0)
System memory in use before: 43.4 MB.
System memory in use after: 43.5 MB.

Unloading 10 unused Assets to reduce memory usage. Loaded Objects now: 1944.
Total: 2.167700 ms (FindLiveObjects: 0.113000 ms CreateObjectMapping: 0.040600 ms MarkObjects: 2.002400 ms  DeleteObjects: 0.010900 ms)

========================================================================
Received Prepare
Registering precompiled user dll's ...
Registered in 0.002980 seconds.
Begin MonoManager ReloadAssembly
Native extension for WindowsStandalone target not found
Native extension for WebGL target not found
Refreshing native plugins compatible for Editor in 0.33 ms, found 3 plugins.
Preloading 0 native plugins for Editor in 0.00 ms.
Mono: successfully reloaded assembly
- Completed reload, in  0.899 seconds
Platform modules already initialized, skipping
Refreshing native plugins compatible for Editor in 0.35 ms, found 3 plugins.
Preloading 0 native plugins for Editor in 0.00 ms.
Unloading 1411 Unused Serialized files (Serialized files now loaded: 0)
System memory in use before: 71.3 MB.
System memory in use after: 71.4 MB.

Unloading 12 unused Assets to reduce memory usage. Loaded Objects now: 1946.
Total: 2.052100 ms (FindLiveObjects: 0.102900 ms CreateObjectMapping: 0.031900 ms MarkObjects: 1.902800 ms  DeleteObjects: 0.013100 ms)

========================================================================
Received Import Request.
  Time since last request: 4440.531384 seconds.
  path: Assets/Prefabs/HighscorePH.prefab
  artifactKey: Guid(4221c379575656e43b3d91027aa597e9) Importer(815301076,1909f56bfc062723c751e8b465ee728b)
Start importing Assets/Prefabs/HighscorePH.prefab using Guid(4221c379575656e43b3d91027aa597e9) Importer(815301076,1909f56bfc062723c751e8b465ee728b)  -> (artifact id: '289f1aaea8d1fbae88c5efc24d842b52') in 0.070749 seconds 
========================================================================
Received Prepare
Registering precompiled user dll's ...
Registered in 0.002623 seconds.
Begin MonoManager ReloadAssembly
Native extension for WindowsStandalone target not found
Native extension for WebGL target not found
Refreshing native plugins compatible for Editor in 0.34 ms, found 3 plugins.
Preloading 0 native plugins for Editor in 0.00 ms.
Mono: successfully reloaded assembly
- Completed reload, in  0.930 seconds
Platform modules already initialized, skipping
Refreshing native plugins compatible for Editor in 0.46 ms, found 3 plugins.
Preloading 0 native plugins for Editor in 0.00 ms.
Unloading 1411 Unused Serialized files (Serialized files now loaded: 0)
System memory in use before: 71.3 MB.
System memory in use after: 71.4 MB.

Unloading 12 unused Assets to reduce memory usage. Loaded Objects now: 1948.
Total: 2.564700 ms (FindLiveObjects: 0.147800 ms CreateObjectMapping: 0.047000 ms MarkObjects: 2.342300 ms  DeleteObjects: 0.025900 ms)

========================================================================
Received Prepare
Registering precompiled user dll's ...
Registered in 0.003023 seconds.
Begin MonoManager ReloadAssembly
Native extension for WindowsStandalone target not found
Native extension for WebGL target not found
Refreshing native plugins compatible for Editor in 0.28 ms, found 3 plugins.
Preloading 0 native plugins for Editor in 0.00 ms.
Mono: successfully reloaded assembly
- Completed reload, in  1.001 seconds
Platform modules already initialized, skipping
Refreshing native plugins compatible for Editor in 0.33 ms, found 3 plugins.
Preloading 0 native plugins for Editor in 0.00 ms.
Unloading 1411 Unused Serialized files (Serialized files now loaded: 0)
System memory in use before: 71.3 MB.
System memory in use after: 71.4 MB.

Unloading 12 unused Assets to reduce memory usage. Loaded Objects now: 1950.
Total: 2.687600 ms (FindLiveObjects: 0.228300 ms CreateObjectMapping: 0.086600 ms MarkObjects: 2.356300 ms  DeleteObjects: 0.014900 ms)

========================================================================
Received Prepare
Registering precompiled user dll's ...
Registered in 0.002894 seconds.
Begin MonoManager ReloadAssembly
Native extension for WindowsStandalone target not found
Native extension for WebGL target not found
Refreshing native plugins compatible for Editor in 0.49 ms, found 3 plugins.
Preloading 0 native plugins for Editor in 0.00 ms.
Mono: successfully reloaded assembly
- Completed reload, in  0.990 seconds
Platform modules already initialized, skipping
Refreshing native plugins compatible for Editor in 0.28 ms, found 3 plugins.
Preloading 0 native plugins for Editor in 0.00 ms.
Unloading 1411 Unused Serialized files (Serialized files now loaded: 0)
System memory in use before: 71.3 MB.
System memory in use after: 71.4 MB.

Unloading 12 unused Assets to reduce memory usage. Loaded Objects now: 1952.
Total: 2.764100 ms (FindLiveObjects: 0.115700 ms CreateObjectMapping: 0.034400 ms MarkObjects: 2.596100 ms  DeleteObjects: 0.016400 ms)

========================================================================
Received Prepare
Refreshing native plugins compatible for Editor in 2.43 ms, found 3 plugins.
Preloading 0 native plugins for Editor in 0.00 ms.
Unloading 10 Unused Serialized files (Serialized files now loaded: 0)
System memory in use before: 43.4 MB.
System memory in use after: 43.6 MB.

Unloading 10 unused Assets to reduce memory usage. Loaded Objects now: 1952.
Total: 1.986000 ms (FindLiveObjects: 0.120500 ms CreateObjectMapping: 0.038900 ms MarkObjects: 1.815400 ms  DeleteObjects: 0.010500 ms)

========================================================================
Received Prepare
Registering precompiled user dll's ...
Registered in 0.003112 seconds.
Begin MonoManager ReloadAssembly
Native extension for WindowsStandalone target not found
Native extension for WebGL target not found
Refreshing native plugins compatible for Editor in 0.28 ms, found 3 plugins.
Preloading 0 native plugins for Editor in 0.00 ms.
Mono: successfully reloaded assembly
- Completed reload, in  0.879 seconds
Platform modules already initialized, skipping
Refreshing native plugins compatible for Editor in 0.32 ms, found 3 plugins.
Preloading 0 native plugins for Editor in 0.00 ms.
Unloading 1411 Unused Serialized files (Serialized files now loaded: 0)
System memory in use before: 71.3 MB.
System memory in use after: 71.4 MB.

Unloading 12 unused Assets to reduce memory usage. Loaded Objects now: 1954.
Total: 3.114600 ms (FindLiveObjects: 0.336100 ms CreateObjectMapping: 0.114100 ms MarkObjects: 2.610400 ms  DeleteObjects: 0.052600 ms)

========================================================================
Received Prepare
Refreshing native plugins compatible for Editor in 2.27 ms, found 3 plugins.
Preloading 0 native plugins for Editor in 0.00 ms.
Unloading 10 Unused Serialized files (Serialized files now loaded: 0)
System memory in use before: 43.5 MB.
System memory in use after: 43.6 MB.

Unloading 10 unused Assets to reduce memory usage. Loaded Objects now: 1954.
Total: 1.971500 ms (FindLiveObjects: 0.126000 ms CreateObjectMapping: 0.037300 ms MarkObjects: 1.798400 ms  DeleteObjects: 0.009100 ms)

========================================================================
Received Prepare
Refreshing native plugins compatible for Editor in 2.62 ms, found 3 plugins.
Preloading 0 native plugins for Editor in 0.00 ms.
Unloading 10 Unused Serialized files (Serialized files now loaded: 0)
System memory in use before: 43.5 MB.
System memory in use after: 43.6 MB.

Unloading 10 unused Assets to reduce memory usage. Loaded Objects now: 1954.
Total: 2.189400 ms (FindLiveObjects: 0.126900 ms CreateObjectMapping: 0.039100 ms MarkObjects: 2.013100 ms  DeleteObjects: 0.009600 ms)

========================================================================
Received Prepare
Refreshing native plugins compatible for Editor in 2.74 ms, found 3 plugins.
Preloading 0 native plugins for Editor in 0.00 ms.
Unloading 10 Unused Serialized files (Serialized files now loaded: 0)
System memory in use before: 43.5 MB.
System memory in use after: 43.6 MB.

Unloading 10 unused Assets to reduce memory usage. Loaded Objects now: 1954.
Total: 3.002100 ms (FindLiveObjects: 0.145300 ms CreateObjectMapping: 0.144300 ms MarkObjects: 2.696900 ms  DeleteObjects: 0.014100 ms)

========================================================================
Received Prepare
Refreshing native plugins compatible for Editor in 2.84 ms, found 3 plugins.
Preloading 0 native plugins for Editor in 0.00 ms.
Unloading 10 Unused Serialized files (Serialized files now loaded: 0)
System memory in use before: 43.5 MB.
System memory in use after: 43.6 MB.

Unloading 10 unused Assets to reduce memory usage. Loaded Objects now: 1954.
Total: 2.412400 ms (FindLiveObjects: 0.191500 ms CreateObjectMapping: 0.075800 ms MarkObjects: 2.129700 ms  DeleteObjects: 0.014400 ms)

========================================================================
Received Prepare
Refreshing native plugins compatible for Editor in 3.57 ms, found 3 plugins.
Preloading 0 native plugins for Editor in 0.00 ms.
Unloading 10 Unused Serialized files (Serialized files now loaded: 0)
System memory in use before: 43.5 MB.
System memory in use after: 43.6 MB.

Unloading 10 unused Assets to reduce memory usage. Loaded Objects now: 1954.
Total: 2.992700 ms (FindLiveObjects: 0.168900 ms CreateObjectMapping: 0.048900 ms MarkObjects: 2.755200 ms  DeleteObjects: 0.017900 ms)

========================================================================
Received Prepare
Refreshing native plugins compatible for Editor in 3.25 ms, found 3 plugins.
Preloading 0 native plugins for Editor in 0.00 ms.
Unloading 10 Unused Serialized files (Serialized files now loaded: 0)
System memory in use before: 43.5 MB.
System memory in use after: 43.6 MB.

Unloading 10 unused Assets to reduce memory usage. Loaded Objects now: 1954.
Total: 2.277500 ms (FindLiveObjects: 0.156000 ms CreateObjectMapping: 0.048400 ms MarkObjects: 2.057800 ms  DeleteObjects: 0.013900 ms)

========================================================================
Received Prepare
Registering precompiled user dll's ...
Registered in 0.003237 seconds.
Begin MonoManager ReloadAssembly
Native extension for WindowsStandalone target not found
Native extension for WebGL target not found
Refreshing native plugins compatible for Editor in 0.39 ms, found 3 plugins.
Preloading 0 native plugins for Editor in 0.00 ms.
Mono: successfully reloaded assembly
- Completed reload, in  0.862 seconds
Platform modules already initialized, skipping
Refreshing native plugins compatible for Editor in 0.27 ms, found 3 plugins.
Preloading 0 native plugins for Editor in 0.00 ms.
Unloading 1411 Unused Serialized files (Serialized files now loaded: 0)
System memory in use before: 71.3 MB.
System memory in use after: 71.4 MB.

Unloading 12 unused Assets to reduce memory usage. Loaded Objects now: 1956.
Total: 2.885000 ms (FindLiveObjects: 0.105900 ms CreateObjectMapping: 0.033700 ms MarkObjects: 2.722100 ms  DeleteObjects: 0.021500 ms)

========================================================================
Received Prepare
Refreshing native plugins compatible for Editor in 3.20 ms, found 3 plugins.
Preloading 0 native plugins for Editor in 0.00 ms.
Unloading 10 Unused Serialized files (Serialized files now loaded: 0)
System memory in use before: 43.5 MB.
System memory in use after: 43.6 MB.

Unloading 10 unused Assets to reduce memory usage. Loaded Objects now: 1956.
Total: 2.253300 ms (FindLiveObjects: 0.139900 ms CreateObjectMapping: 0.052400 ms MarkObjects: 2.044900 ms  DeleteObjects: 0.015300 ms)

========================================================================
Received Prepare
Refreshing native plugins compatible for Editor in 2.92 ms, found 3 plugins.
Preloading 0 native plugins for Editor in 0.00 ms.
Unloading 10 Unused Serialized files (Serialized files now loaded: 0)
System memory in use before: 43.5 MB.
System memory in use after: 43.6 MB.

Unloading 10 unused Assets to reduce memory usage. Loaded Objects now: 1956.
Total: 2.377500 ms (FindLiveObjects: 0.110900 ms CreateObjectMapping: 0.036200 ms MarkObjects: 2.217200 ms  DeleteObjects: 0.011600 ms)

========================================================================
Received Prepare
Registering precompiled user dll's ...
Registered in 0.002906 seconds.
Begin MonoManager ReloadAssembly
Native extension for WindowsStandalone target not found
Native extension for WebGL target not found
Refreshing native plugins compatible for Editor in 0.33 ms, found 3 plugins.
Preloading 0 native plugins for Editor in 0.00 ms.
Mono: successfully reloaded assembly
- Completed reload, in  0.859 seconds
Platform modules already initialized, skipping
Refreshing native plugins compatible for Editor in 0.30 ms, found 3 plugins.
Preloading 0 native plugins for Editor in 0.00 ms.
Unloading 1411 Unused Serialized files (Serialized files now loaded: 0)
System memory in use before: 71.3 MB.
System memory in use after: 71.4 MB.

Unloading 12 unused Assets to reduce memory usage. Loaded Objects now: 1958.
Total: 1.880400 ms (FindLiveObjects: 0.117800 ms CreateObjectMapping: 0.038400 ms MarkObjects: 1.709200 ms  DeleteObjects: 0.014000 ms)

========================================================================
Received Prepare
Refreshing native plugins compatible for Editor in 2.38 ms, found 3 plugins.
Preloading 0 native plugins for Editor in 0.00 ms.
Unloading 10 Unused Serialized files (Serialized files now loaded: 0)
System memory in use before: 43.5 MB.
System memory in use after: 43.6 MB.

Unloading 10 unused Assets to reduce memory usage. Loaded Objects now: 1958.
Total: 2.968900 ms (FindLiveObjects: 0.700100 ms CreateObjectMapping: 0.324200 ms MarkObjects: 1.926400 ms  DeleteObjects: 0.016900 ms)

========================================================================
Received Prepare
Registering precompiled user dll's ...
Registered in 0.002630 seconds.
Begin MonoManager ReloadAssembly
Native extension for WindowsStandalone target not found
Native extension for WebGL target not found
Refreshing native plugins compatible for Editor in 0.31 ms, found 3 plugins.
Preloading 0 native plugins for Editor in 0.00 ms.
Mono: successfully reloaded assembly
- Completed reload, in  0.903 seconds
Platform modules already initialized, skipping
Refreshing native plugins compatible for Editor in 0.31 ms, found 3 plugins.
Preloading 0 native plugins for Editor in 0.00 ms.
Unloading 1411 Unused Serialized files (Serialized files now loaded: 0)
System memory in use before: 71.3 MB.
System memory in use after: 71.4 MB.

Unloading 12 unused Assets to reduce memory usage. Loaded Objects now: 1960.
Total: 1.886800 ms (FindLiveObjects: 0.127100 ms CreateObjectMapping: 0.036400 ms MarkObjects: 1.708500 ms  DeleteObjects: 0.013700 ms)

========================================================================
Received Prepare
Refreshing native plugins compatible for Editor in 2.60 ms, found 3 plugins.
Preloading 0 native plugins for Editor in 0.00 ms.
Unloading 10 Unused Serialized files (Serialized files now loaded: 0)
System memory in use before: 43.5 MB.
System memory in use after: 43.6 MB.

Unloading 10 unused Assets to reduce memory usage. Loaded Objects now: 1960.
Total: 1.831300 ms (FindLiveObjects: 0.135800 ms CreateObjectMapping: 0.042500 ms MarkObjects: 1.640100 ms  DeleteObjects: 0.011600 ms)

========================================================================
Received Prepare
Registering precompiled user dll's ...
Registered in 0.002888 seconds.
Begin MonoManager ReloadAssembly
Native extension for WindowsStandalone target not found
Native extension for WebGL target not found
Refreshing native plugins compatible for Editor in 0.30 ms, found 3 plugins.
Preloading 0 native plugins for Editor in 0.00 ms.
Mono: successfully reloaded assembly
- Completed reload, in  0.960 seconds
Platform modules already initialized, skipping
Refreshing native plugins compatible for Editor in 0.38 ms, found 3 plugins.
Preloading 0 native plugins for Editor in 0.00 ms.
Unloading 1411 Unused Serialized files (Serialized files now loaded: 0)
System memory in use before: 71.3 MB.
System memory in use after: 71.4 MB.

Unloading 12 unused Assets to reduce memory usage. Loaded Objects now: 1962.
Total: 2.699000 ms (FindLiveObjects: 0.117100 ms CreateObjectMapping: 0.037800 ms MarkObjects: 2.517900 ms  DeleteObjects: 0.023800 ms)

AssetImportWorkerClient::OnTransportError - code=2 error=End of file
